{"total": {"lines":{"total":952,"covered":950,"skipped":0,"pct":99.78},"statements":{"total":989,"covered":987,"skipped":0,"pct":99.79},"functions":{"total":108,"covered":108,"skipped":0,"pct":100},"branches":{"total":348,"covered":343,"skipped":0,"pct":98.56},"branchesTrue":{"total":0,"covered":0,"skipped":0,"pct":100}}
,"C:\\Users\\AYUSH MITTAL\\Downloads\\IT314_Project-main_off1\\IT314_Project-main\\IT314_Project-main\\IT314_Project-main\\Backend\\config\\mailer.js": {"lines":{"total":11,"covered":11,"skipped":0,"pct":100},"functions":{"total":2,"covered":2,"skipped":0,"pct":100},"statements":{"total":11,"covered":11,"skipped":0,"pct":100},"branches":{"total":0,"covered":0,"skipped":0,"pct":100}}
,"C:\\Users\\AYUSH MITTAL\\Downloads\\IT314_Project-main_off1\\IT314_Project-main\\IT314_Project-main\\IT314_Project-main\\Backend\\controllers\\Auth.js": {"lines":{"total":168,"covered":166,"skipped":0,"pct":98.8},"functions":{"total":10,"covered":10,"skipped":0,"pct":100},"statements":{"total":169,"covered":167,"skipped":0,"pct":98.81},"branches":{"total":61,"covered":59,"skipped":0,"pct":96.72}}
,"C:\\Users\\AYUSH MITTAL\\Downloads\\IT314_Project-main_off1\\IT314_Project-main\\IT314_Project-main\\IT314_Project-main\\Backend\\controllers\\ChatController.js": {"lines":{"total":61,"covered":61,"skipped":0,"pct":100},"functions":{"total":7,"covered":7,"skipped":0,"pct":100},"statements":{"total":62,"covered":62,"skipped":0,"pct":100},"branches":{"total":8,"covered":8,"skipped":0,"pct":100}}
,"C:\\Users\\AYUSH MITTAL\\Downloads\\IT314_Project-main_off1\\IT314_Project-main\\IT314_Project-main\\IT314_Project-main\\Backend\\controllers\\CodeController.js": {"lines":{"total":21,"covered":21,"skipped":0,"pct":100},"functions":{"total":4,"covered":4,"skipped":0,"pct":100},"statements":{"total":21,"covered":21,"skipped":0,"pct":100},"branches":{"total":10,"covered":9,"skipped":0,"pct":90}}
,"C:\\Users\\AYUSH MITTAL\\Downloads\\IT314_Project-main_off1\\IT314_Project-main\\IT314_Project-main\\IT314_Project-main\\Backend\\controllers\\Roadmap.js": {"lines":{"total":234,"covered":234,"skipped":0,"pct":100},"functions":{"total":18,"covered":18,"skipped":0,"pct":100},"statements":{"total":238,"covered":238,"skipped":0,"pct":100},"branches":{"total":76,"covered":76,"skipped":0,"pct":100}}
,"C:\\Users\\AYUSH MITTAL\\Downloads\\IT314_Project-main_off1\\IT314_Project-main\\IT314_Project-main\\IT314_Project-main\\Backend\\controllers\\S3Controller.js": {"lines":{"total":119,"covered":119,"skipped":0,"pct":100},"functions":{"total":15,"covered":15,"skipped":0,"pct":100},"statements":{"total":123,"covered":123,"skipped":0,"pct":100},"branches":{"total":52,"covered":51,"skipped":0,"pct":98.07}}
,"C:\\Users\\AYUSH MITTAL\\Downloads\\IT314_Project-main_off1\\IT314_Project-main\\IT314_Project-main\\IT314_Project-main\\Backend\\controllers\\UserController.js": {"lines":{"total":125,"covered":125,"skipped":0,"pct":100},"functions":{"total":10,"covered":10,"skipped":0,"pct":100},"statements":{"total":136,"covered":136,"skipped":0,"pct":100},"branches":{"total":62,"covered":61,"skipped":0,"pct":98.38}}
,"C:\\Users\\AYUSH MITTAL\\Downloads\\IT314_Project-main_off1\\IT314_Project-main\\IT314_Project-main\\IT314_Project-main\\Backend\\controllers\\oAuthController.js": {"lines":{"total":60,"covered":60,"skipped":0,"pct":100},"functions":{"total":6,"covered":6,"skipped":0,"pct":100},"statements":{"total":65,"covered":65,"skipped":0,"pct":100},"branches":{"total":41,"covered":41,"skipped":0,"pct":100}}
,"C:\\Users\\AYUSH MITTAL\\Downloads\\IT314_Project-main_off1\\IT314_Project-main\\IT314_Project-main\\IT314_Project-main\\Backend\\middlewares\\userAuth.js": {"lines":{"total":13,"covered":13,"skipped":0,"pct":100},"functions":{"total":1,"covered":1,"skipped":0,"pct":100},"statements":{"total":13,"covered":13,"skipped":0,"pct":100},"branches":{"total":4,"covered":4,"skipped":0,"pct":100}}
,"C:\\Users\\AYUSH MITTAL\\Downloads\\IT314_Project-main_off1\\IT314_Project-main\\IT314_Project-main\\IT314_Project-main\\Backend\\middlewares\\validate.js": {"lines":{"total":11,"covered":11,"skipped":0,"pct":100},"functions":{"total":2,"covered":2,"skipped":0,"pct":100},"statements":{"total":12,"covered":12,"skipped":0,"pct":100},"branches":{"total":2,"covered":2,"skipped":0,"pct":100}}
,"C:\\Users\\AYUSH MITTAL\\Downloads\\IT314_Project-main_off1\\IT314_Project-main\\IT314_Project-main\\IT314_Project-main\\Backend\\models\\ChatModel.js": {"lines":{"total":2,"covered":2,"skipped":0,"pct":100},"functions":{"total":0,"covered":0,"skipped":0,"pct":100},"statements":{"total":2,"covered":2,"skipped":0,"pct":100},"branches":{"total":0,"covered":0,"skipped":0,"pct":100}}
,"C:\\Users\\AYUSH MITTAL\\Downloads\\IT314_Project-main_off1\\IT314_Project-main\\IT314_Project-main\\IT314_Project-main\\Backend\\models\\NoteModel.js": {"lines":{"total":3,"covered":3,"skipped":0,"pct":100},"functions":{"total":0,"covered":0,"skipped":0,"pct":100},"statements":{"total":3,"covered":3,"skipped":0,"pct":100},"branches":{"total":0,"covered":0,"skipped":0,"pct":100}}
,"C:\\Users\\AYUSH MITTAL\\Downloads\\IT314_Project-main_off1\\IT314_Project-main\\IT314_Project-main\\IT314_Project-main\\Backend\\models\\QuizModel.js": {"lines":{"total":2,"covered":2,"skipped":0,"pct":100},"functions":{"total":0,"covered":0,"skipped":0,"pct":100},"statements":{"total":2,"covered":2,"skipped":0,"pct":100},"branches":{"total":0,"covered":0,"skipped":0,"pct":100}}
,"C:\\Users\\AYUSH MITTAL\\Downloads\\IT314_Project-main_off1\\IT314_Project-main\\IT314_Project-main\\IT314_Project-main\\Backend\\models\\RoadmapModel.js": {"lines":{"total":2,"covered":2,"skipped":0,"pct":100},"functions":{"total":0,"covered":0,"skipped":0,"pct":100},"statements":{"total":2,"covered":2,"skipped":0,"pct":100},"branches":{"total":0,"covered":0,"skipped":0,"pct":100}}
,"C:\\Users\\AYUSH MITTAL\\Downloads\\IT314_Project-main_off1\\IT314_Project-main\\IT314_Project-main\\IT314_Project-main\\Backend\\models\\UserModel.js": {"lines":{"total":3,"covered":3,"skipped":0,"pct":100},"functions":{"total":0,"covered":0,"skipped":0,"pct":100},"statements":{"total":3,"covered":3,"skipped":0,"pct":100},"branches":{"total":2,"covered":2,"skipped":0,"pct":100}}
,"C:\\Users\\AYUSH MITTAL\\Downloads\\IT314_Project-main_off1\\IT314_Project-main\\IT314_Project-main\\IT314_Project-main\\Backend\\utils\\cloudinary.js": {"lines":{"total":2,"covered":2,"skipped":0,"pct":100},"functions":{"total":1,"covered":1,"skipped":0,"pct":100},"statements":{"total":2,"covered":2,"skipped":0,"pct":100},"branches":{"total":1,"covered":1,"skipped":0,"pct":100}}
,"C:\\Users\\AYUSH MITTAL\\Downloads\\IT314_Project-main_off1\\IT314_Project-main\\IT314_Project-main\\IT314_Project-main\\Backend\\utils\\emailTemplates.js": {"lines":{"total":4,"covered":4,"skipped":0,"pct":100},"functions":{"total":2,"covered":2,"skipped":0,"pct":100},"statements":{"total":4,"covered":4,"skipped":0,"pct":100},"branches":{"total":0,"covered":0,"skipped":0,"pct":100}}
,"C:\\Users\\AYUSH MITTAL\\Downloads\\IT314_Project-main_off1\\IT314_Project-main\\IT314_Project-main\\IT314_Project-main\\Backend\\utils\\generate.js": {"lines":{"total":7,"covered":7,"skipped":0,"pct":100},"functions":{"total":1,"covered":1,"skipped":0,"pct":100},"statements":{"total":7,"covered":7,"skipped":0,"pct":100},"branches":{"total":1,"covered":1,"skipped":0,"pct":100}}
,"C:\\Users\\AYUSH MITTAL\\Downloads\\IT314_Project-main_off1\\IT314_Project-main\\IT314_Project-main\\IT314_Project-main\\Backend\\utils\\mapping.js": {"lines":{"total":1,"covered":1,"skipped":0,"pct":100},"functions":{"total":0,"covered":0,"skipped":0,"pct":100},"statements":{"total":1,"covered":1,"skipped":0,"pct":100},"branches":{"total":0,"covered":0,"skipped":0,"pct":100}}
,"C:\\Users\\AYUSH MITTAL\\Downloads\\IT314_Project-main_off1\\IT314_Project-main\\IT314_Project-main\\IT314_Project-main\\Backend\\utils\\prompt.js": {"lines":{"total":25,"covered":25,"skipped":0,"pct":100},"functions":{"total":11,"covered":11,"skipped":0,"pct":100},"statements":{"total":31,"covered":31,"skipped":0,"pct":100},"branches":{"total":12,"covered":12,"skipped":0,"pct":100}}
,"C:\\Users\\AYUSH MITTAL\\Downloads\\IT314_Project-main_off1\\IT314_Project-main\\IT314_Project-main\\IT314_Project-main\\Backend\\utils\\schemaHelpers.js": {"lines":{"total":1,"covered":1,"skipped":0,"pct":100},"functions":{"total":1,"covered":1,"skipped":0,"pct":100},"statements":{"total":1,"covered":1,"skipped":0,"pct":100},"branches":{"total":0,"covered":0,"skipped":0,"pct":100}}
,"C:\\Users\\AYUSH MITTAL\\Downloads\\IT314_Project-main_off1\\IT314_Project-main\\IT314_Project-main\\IT314_Project-main\\Backend\\utils\\search.js": {"lines":{"total":50,"covered":50,"skipped":0,"pct":100},"functions":{"total":10,"covered":10,"skipped":0,"pct":100},"statements":{"total":54,"covered":54,"skipped":0,"pct":100},"branches":{"total":16,"covered":16,"skipped":0,"pct":100}}
,"C:\\Users\\AYUSH MITTAL\\Downloads\\IT314_Project-main_off1\\IT314_Project-main\\IT314_Project-main\\IT314_Project-main\\Backend\\utils\\urlHelpers.js": {"lines":{"total":27,"covered":27,"skipped":0,"pct":100},"functions":{"total":7,"covered":7,"skipped":0,"pct":100},"statements":{"total":27,"covered":27,"skipped":0,"pct":100},"branches":{"total":0,"covered":0,"skipped":0,"pct":100}}
}
