{"C:\\Users\\AYUSH MITTAL\\Downloads\\IT314_Project-main_off1\\IT314_Project-main\\IT314_Project-main\\IT314_Project-main\\Backend\\config\\mailer.js": {"path":"C:\\Users\\AYUSH MITTAL\\Downloads\\IT314_Project-main_off1\\IT314_Project-main\\IT314_Project-main\\IT314_Project-main\\Backend\\config\\mailer.js","statementMap":{"0":{"start":{"line":4,"column":0},"end":{"line":4,"column":16}},"1":{"start":{"line":6,"column":27},"end":{"line":15,"column":1}},"2":{"start":{"line":8,"column":8},"end":{"line":8,"column":55}},"3":{"start":{"line":9,"column":8},"end":{"line":13,"column":9}},"4":{"start":{"line":10,"column":12},"end":{"line":10,"column":43}},"5":{"start":{"line":12,"column":12},"end":{"line":12,"column":57}},"6":{"start":{"line":17,"column":38},"end":{"line":24,"column":1}},"7":{"start":{"line":18,"column":4},"end":{"line":23,"column":3}},"8":{"start":{"line":19,"column":6},"end":{"line":19,"column":53}},"9":{"start":{"line":20,"column":6},"end":{"line":20,"column":66}},"10":{"start":{"line":22,"column":6},"end":{"line":22,"column":65}}},"fnMap":{"0":{"name":"(anonymous_0)","decl":{"start":{"line":7,"column":14},"end":{"line":7,"column":15}},"loc":{"start":{"line":7,"column":37},"end":{"line":14,"column":5}},"line":7},"1":{"name":"(anonymous_1)","decl":{"start":{"line":17,"column":38},"end":{"line":17,"column":39}},"loc":{"start":{"line":17,"column":50},"end":{"line":24,"column":1}},"line":17}},"branchMap":{},"s":{"0":8,"1":8,"2":2,"3":2,"4":2,"5":1,"6":8,"7":2,"8":2,"9":1,"10":1},"f":{"0":2,"1":2},"b":{},"_coverageSchema":"1a1c01bbd47fc00a2c39e90264f33305004495a9","hash":"e7d68ee7d9bf6efb848df7e8ddb2786189b517b9"}
,"C:\\Users\\AYUSH MITTAL\\Downloads\\IT314_Project-main_off1\\IT314_Project-main\\IT314_Project-main\\IT314_Project-main\\Backend\\controllers\\Auth.js": {"path":"C:\\Users\\AYUSH MITTAL\\Downloads\\IT314_Project-main_off1\\IT314_Project-main\\IT314_Project-main\\IT314_Project-main\\Backend\\controllers\\Auth.js","statementMap":{"0":{"start":{"line":9,"column":24},"end":{"line":96,"column":1}},"1":{"start":{"line":10,"column":4},"end":{"line":95,"column":5}},"2":{"start":{"line":11,"column":42},"end":{"line":11,"column":59}},"3":{"start":{"line":18,"column":29},"end":{"line":18,"column":63}},"4":{"start":{"line":19,"column":8},"end":{"line":49,"column":9}},"5":{"start":{"line":20,"column":12},"end":{"line":47,"column":13}},"6":{"start":{"line":21,"column":35},"end":{"line":21,"column":66}},"7":{"start":{"line":22,"column":16},"end":{"line":22,"column":41}},"8":{"start":{"line":23,"column":16},"end":{"line":23,"column":51}},"9":{"start":{"line":24,"column":36},"end":{"line":24,"column":55}},"10":{"start":{"line":25,"column":33},"end":{"line":25,"column":70}},"11":{"start":{"line":26,"column":16},"end":{"line":26,"column":55}},"12":{"start":{"line":27,"column":16},"end":{"line":27,"column":60}},"13":{"start":{"line":28,"column":34},"end":{"line":28,"column":68}},"14":{"start":{"line":29,"column":16},"end":{"line":29,"column":42}},"15":{"start":{"line":31,"column":42},"end":{"line":31,"column":77}},"16":{"start":{"line":32,"column":36},"end":{"line":37,"column":17}},"17":{"start":{"line":38,"column":16},"end":{"line":42,"column":17}},"18":{"start":{"line":39,"column":20},"end":{"line":39,"column":60}},"19":{"start":{"line":41,"column":20},"end":{"line":41,"column":70}},"20":{"start":{"line":43,"column":16},"end":{"line":46,"column":19}},"21":{"start":{"line":48,"column":12},"end":{"line":48,"column":92}},"22":{"start":{"line":51,"column":27},"end":{"line":51,"column":58}},"23":{"start":{"line":52,"column":28},"end":{"line":52,"column":47}},"24":{"start":{"line":54,"column":25},"end":{"line":54,"column":62}},"25":{"start":{"line":56,"column":21},"end":{"line":62,"column":10}},"26":{"start":{"line":64,"column":26},"end":{"line":64,"column":60}},"27":{"start":{"line":65,"column":8},"end":{"line":65,"column":26}},"28":{"start":{"line":67,"column":34},"end":{"line":67,"column":69}},"29":{"start":{"line":69,"column":28},"end":{"line":74,"column":9}},"30":{"start":{"line":76,"column":8},"end":{"line":80,"column":9}},"31":{"start":{"line":77,"column":12},"end":{"line":77,"column":52}},"32":{"start":{"line":79,"column":12},"end":{"line":79,"column":62}},"33":{"start":{"line":82,"column":8},"end":{"line":86,"column":11}},"34":{"start":{"line":88,"column":8},"end":{"line":88,"column":52}},"35":{"start":{"line":89,"column":8},"end":{"line":89,"column":51}},"36":{"start":{"line":90,"column":8},"end":{"line":94,"column":11}},"37":{"start":{"line":99,"column":4},"end":{"line":142,"column":5}},"38":{"start":{"line":100,"column":22},"end":{"line":100,"column":32}},"39":{"start":{"line":101,"column":25},"end":{"line":101,"column":98}},"40":{"start":{"line":102,"column":25},"end":{"line":102,"column":43}},"41":{"start":{"line":104,"column":8},"end":{"line":116,"column":9}},"42":{"start":{"line":105,"column":12},"end":{"line":105,"column":33}},"43":{"start":{"line":107,"column":25},"end":{"line":107,"column":53}},"44":{"start":{"line":108,"column":28},"end":{"line":108,"column":98}},"45":{"start":{"line":109,"column":29},"end":{"line":109,"column":85}},"46":{"start":{"line":110,"column":12},"end":{"line":115,"column":13}},"47":{"start":{"line":111,"column":19},"end":{"line":115,"column":13}},"48":{"start":{"line":112,"column":16},"end":{"line":112,"column":56}},"49":{"start":{"line":114,"column":16},"end":{"line":114,"column":37}},"50":{"start":{"line":118,"column":8},"end":{"line":118,"column":35}},"51":{"start":{"line":119,"column":8},"end":{"line":121,"column":9}},"52":{"start":{"line":120,"column":12},"end":{"line":120,"column":46}},"53":{"start":{"line":123,"column":8},"end":{"line":125,"column":9}},"54":{"start":{"line":124,"column":12},"end":{"line":124,"column":33}},"55":{"start":{"line":126,"column":25},"end":{"line":129,"column":10}},"56":{"start":{"line":127,"column":23},"end":{"line":127,"column":34}},"57":{"start":{"line":128,"column":12},"end":{"line":128,"column":152}},"58":{"start":{"line":130,"column":8},"end":{"line":135,"column":9}},"59":{"start":{"line":131,"column":12},"end":{"line":131,"column":43}},"60":{"start":{"line":132,"column":12},"end":{"line":134,"column":13}},"61":{"start":{"line":133,"column":16},"end":{"line":133,"column":62}},"62":{"start":{"line":137,"column":8},"end":{"line":137,"column":26}},"63":{"start":{"line":138,"column":8},"end":{"line":138,"column":20}},"64":{"start":{"line":140,"column":8},"end":{"line":140,"column":55}},"65":{"start":{"line":141,"column":8},"end":{"line":141,"column":20}},"66":{"start":{"line":145,"column":29},"end":{"line":173,"column":1}},"67":{"start":{"line":146,"column":22},"end":{"line":146,"column":39}},"68":{"start":{"line":148,"column":4},"end":{"line":172,"column":5}},"69":{"start":{"line":149,"column":21},"end":{"line":149,"column":68}},"70":{"start":{"line":150,"column":8},"end":{"line":152,"column":9}},"71":{"start":{"line":151,"column":12},"end":{"line":151,"column":90}},"72":{"start":{"line":153,"column":24},"end":{"line":153,"column":50}},"73":{"start":{"line":154,"column":8},"end":{"line":156,"column":9}},"74":{"start":{"line":155,"column":12},"end":{"line":155,"column":90}},"75":{"start":{"line":157,"column":8},"end":{"line":159,"column":9}},"76":{"start":{"line":158,"column":12},"end":{"line":158,"column":88}},"77":{"start":{"line":160,"column":23},"end":{"line":167,"column":9}},"78":{"start":{"line":169,"column":8},"end":{"line":169,"column":84}},"79":{"start":{"line":171,"column":8},"end":{"line":171,"column":80}},"80":{"start":{"line":175,"column":22},"end":{"line":217,"column":1}},"81":{"start":{"line":176,"column":32},"end":{"line":176,"column":49}},"82":{"start":{"line":177,"column":4},"end":{"line":216,"column":5}},"83":{"start":{"line":178,"column":21},"end":{"line":178,"column":55}},"84":{"start":{"line":179,"column":8},"end":{"line":181,"column":9}},"85":{"start":{"line":180,"column":12},"end":{"line":180,"column":87}},"86":{"start":{"line":182,"column":8},"end":{"line":186,"column":9}},"87":{"start":{"line":183,"column":12},"end":{"line":185,"column":85}},"88":{"start":{"line":187,"column":24},"end":{"line":187,"column":69}},"89":{"start":{"line":188,"column":8},"end":{"line":190,"column":9}},"90":{"start":{"line":189,"column":12},"end":{"line":189,"column":91}},"91":{"start":{"line":191,"column":8},"end":{"line":198,"column":9}},"92":{"start":{"line":192,"column":12},"end":{"line":197,"column":19}},"93":{"start":{"line":199,"column":22},"end":{"line":199,"column":111}},"94":{"start":{"line":200,"column":8},"end":{"line":205,"column":11}},"95":{"start":{"line":207,"column":8},"end":{"line":211,"column":9}},"96":{"start":{"line":208,"column":12},"end":{"line":208,"column":42}},"97":{"start":{"line":210,"column":12},"end":{"line":210,"column":68}},"98":{"start":{"line":213,"column":8},"end":{"line":213,"column":97}},"99":{"start":{"line":215,"column":8},"end":{"line":215,"column":80}},"100":{"start":{"line":219,"column":22},"end":{"line":230,"column":1}},"101":{"start":{"line":220,"column":4},"end":{"line":229,"column":5}},"102":{"start":{"line":221,"column":8},"end":{"line":225,"column":11}},"103":{"start":{"line":226,"column":8},"end":{"line":226,"column":78}},"104":{"start":{"line":228,"column":8},"end":{"line":228,"column":80}},"105":{"start":{"line":232,"column":31},"end":{"line":257,"column":1}},"106":{"start":{"line":233,"column":4},"end":{"line":256,"column":5}},"107":{"start":{"line":234,"column":23},"end":{"line":234,"column":33}},"108":{"start":{"line":235,"column":19},"end":{"line":235,"column":51}},"109":{"start":{"line":237,"column":8},"end":{"line":237,"column":94}},"110":{"start":{"line":237,"column":19},"end":{"line":237,"column":94}},"111":{"start":{"line":239,"column":8},"end":{"line":243,"column":9}},"112":{"start":{"line":240,"column":12},"end":{"line":240,"column":49}},"113":{"start":{"line":242,"column":12},"end":{"line":242,"column":79}},"114":{"start":{"line":245,"column":21},"end":{"line":252,"column":9}},"115":{"start":{"line":253,"column":8},"end":{"line":253,"column":67}},"116":{"start":{"line":255,"column":8},"end":{"line":255,"column":80}},"117":{"start":{"line":259,"column":30},"end":{"line":301,"column":1}},"118":{"start":{"line":260,"column":22},"end":{"line":260,"column":39}},"119":{"start":{"line":262,"column":4},"end":{"line":264,"column":5}},"120":{"start":{"line":263,"column":8},"end":{"line":263,"column":71}},"121":{"start":{"line":265,"column":4},"end":{"line":300,"column":5}},"122":{"start":{"line":266,"column":21},"end":{"line":266,"column":55}},"123":{"start":{"line":267,"column":8},"end":{"line":269,"column":9}},"124":{"start":{"line":268,"column":12},"end":{"line":268,"column":87}},"125":{"start":{"line":270,"column":27},"end":{"line":270,"column":46}},"126":{"start":{"line":271,"column":23},"end":{"line":274,"column":9}},"127":{"start":{"line":276,"column":25},"end":{"line":276,"column":58}},"128":{"start":{"line":278,"column":34},"end":{"line":278,"column":69}},"129":{"start":{"line":280,"column":28},"end":{"line":285,"column":9}},"130":{"start":{"line":287,"column":8},"end":{"line":291,"column":9}},"131":{"start":{"line":288,"column":12},"end":{"line":288,"column":52}},"132":{"start":{"line":290,"column":12},"end":{"line":290,"column":62}},"133":{"start":{"line":292,"column":8},"end":{"line":297,"column":15}},"134":{"start":{"line":299,"column":8},"end":{"line":299,"column":80}},"135":{"start":{"line":303,"column":32},"end":{"line":328,"column":1}},"136":{"start":{"line":304,"column":34},"end":{"line":304,"column":51}},"137":{"start":{"line":307,"column":4},"end":{"line":327,"column":5}},"138":{"start":{"line":308,"column":21},"end":{"line":308,"column":60}},"139":{"start":{"line":309,"column":8},"end":{"line":311,"column":9}},"140":{"start":{"line":310,"column":12},"end":{"line":310,"column":90}},"141":{"start":{"line":312,"column":8},"end":{"line":314,"column":9}},"142":{"start":{"line":313,"column":12},"end":{"line":313,"column":90}},"143":{"start":{"line":315,"column":8},"end":{"line":320,"column":9}},"144":{"start":{"line":316,"column":12},"end":{"line":316,"column":35}},"145":{"start":{"line":317,"column":12},"end":{"line":317,"column":40}},"146":{"start":{"line":318,"column":12},"end":{"line":318,"column":30}},"147":{"start":{"line":319,"column":12},"end":{"line":319,"column":73}},"148":{"start":{"line":322,"column":8},"end":{"line":324,"column":87}},"149":{"start":{"line":326,"column":8},"end":{"line":326,"column":80}},"150":{"start":{"line":330,"column":29},"end":{"line":358,"column":1}},"151":{"start":{"line":331,"column":54},"end":{"line":331,"column":71}},"152":{"start":{"line":332,"column":4},"end":{"line":357,"column":5}},"153":{"start":{"line":333,"column":21},"end":{"line":333,"column":55}},"154":{"start":{"line":334,"column":8},"end":{"line":336,"column":9}},"155":{"start":{"line":335,"column":12},"end":{"line":335,"column":88}},"156":{"start":{"line":338,"column":8},"end":{"line":340,"column":9}},"157":{"start":{"line":339,"column":12},"end":{"line":339,"column":86}},"158":{"start":{"line":341,"column":8},"end":{"line":346,"column":9}},"159":{"start":{"line":342,"column":12},"end":{"line":342,"column":35}},"160":{"start":{"line":343,"column":12},"end":{"line":343,"column":40}},"161":{"start":{"line":344,"column":12},"end":{"line":344,"column":30}},"162":{"start":{"line":345,"column":12},"end":{"line":345,"column":73}},"163":{"start":{"line":348,"column":8},"end":{"line":348,"column":31}},"164":{"start":{"line":349,"column":8},"end":{"line":349,"column":36}},"165":{"start":{"line":350,"column":8},"end":{"line":350,"column":59}},"166":{"start":{"line":351,"column":8},"end":{"line":351,"column":26}},"167":{"start":{"line":352,"column":8},"end":{"line":354,"column":87}},"168":{"start":{"line":356,"column":8},"end":{"line":356,"column":80}}},"fnMap":{"0":{"name":"(anonymous_0)","decl":{"start":{"line":9,"column":24},"end":{"line":9,"column":25}},"loc":{"start":{"line":9,"column":44},"end":{"line":96,"column":1}},"line":9},"1":{"name":"updateLoginStreak","decl":{"start":{"line":98,"column":15},"end":{"line":98,"column":32}},"loc":{"start":{"line":98,"column":39},"end":{"line":143,"column":1}},"line":98},"2":{"name":"(anonymous_2)","decl":{"start":{"line":126,"column":46},"end":{"line":126,"column":47}},"loc":{"start":{"line":126,"column":51},"end":{"line":129,"column":9}},"line":126},"3":{"name":"(anonymous_3)","decl":{"start":{"line":145,"column":29},"end":{"line":145,"column":30}},"loc":{"start":{"line":145,"column":49},"end":{"line":173,"column":1}},"line":145},"4":{"name":"(anonymous_4)","decl":{"start":{"line":175,"column":22},"end":{"line":175,"column":23}},"loc":{"start":{"line":175,"column":42},"end":{"line":217,"column":1}},"line":175},"5":{"name":"(anonymous_5)","decl":{"start":{"line":219,"column":22},"end":{"line":219,"column":23}},"loc":{"start":{"line":219,"column":42},"end":{"line":230,"column":1}},"line":219},"6":{"name":"(anonymous_6)","decl":{"start":{"line":232,"column":31},"end":{"line":232,"column":32}},"loc":{"start":{"line":232,"column":51},"end":{"line":257,"column":1}},"line":232},"7":{"name":"(anonymous_7)","decl":{"start":{"line":259,"column":30},"end":{"line":259,"column":31}},"loc":{"start":{"line":259,"column":50},"end":{"line":301,"column":1}},"line":259},"8":{"name":"(anonymous_8)","decl":{"start":{"line":303,"column":32},"end":{"line":303,"column":33}},"loc":{"start":{"line":303,"column":52},"end":{"line":328,"column":1}},"line":303},"9":{"name":"(anonymous_9)","decl":{"start":{"line":330,"column":29},"end":{"line":330,"column":30}},"loc":{"start":{"line":330,"column":49},"end":{"line":358,"column":1}},"line":330}},"branchMap":{"0":{"loc":{"start":{"line":19,"column":8},"end":{"line":49,"column":9}},"type":"if","locations":[{"start":{"line":19,"column":8},"end":{"line":49,"column":9}},{"start":{},"end":{}}],"line":19},"1":{"loc":{"start":{"line":20,"column":12},"end":{"line":47,"column":13}},"type":"if","locations":[{"start":{"line":20,"column":12},"end":{"line":47,"column":13}},{"start":{},"end":{}}],"line":20},"2":{"loc":{"start":{"line":93,"column":19},"end":{"line":93,"column":85}},"type":"cond-expr","locations":[{"start":{"line":93,"column":60},"end":{"line":93,"column":73}},{"start":{"line":93,"column":76},"end":{"line":93,"column":85}}],"line":93},"3":{"loc":{"start":{"line":104,"column":8},"end":{"line":116,"column":9}},"type":"if","locations":[{"start":{"line":104,"column":8},"end":{"line":116,"column":9}},{"start":{"line":106,"column":15},"end":{"line":116,"column":9}}],"line":104},"4":{"loc":{"start":{"line":110,"column":12},"end":{"line":115,"column":13}},"type":"if","locations":[{"start":{"line":110,"column":12},"end":{"line":115,"column":13}},{"start":{"line":111,"column":19},"end":{"line":115,"column":13}}],"line":110},"5":{"loc":{"start":{"line":111,"column":19},"end":{"line":115,"column":13}},"type":"if","locations":[{"start":{"line":111,"column":19},"end":{"line":115,"column":13}},{"start":{"line":113,"column":19},"end":{"line":115,"column":13}}],"line":111},"6":{"loc":{"start":{"line":119,"column":8},"end":{"line":121,"column":9}},"type":"if","locations":[{"start":{"line":119,"column":8},"end":{"line":121,"column":9}},{"start":{},"end":{}}],"line":119},"7":{"loc":{"start":{"line":123,"column":8},"end":{"line":125,"column":9}},"type":"if","locations":[{"start":{"line":123,"column":8},"end":{"line":125,"column":9}},{"start":{},"end":{}}],"line":123},"8":{"loc":{"start":{"line":128,"column":19},"end":{"line":128,"column":151}},"type":"binary-expr","locations":[{"start":{"line":128,"column":19},"end":{"line":128,"column":65}},{"start":{"line":128,"column":69},"end":{"line":128,"column":109}},{"start":{"line":128,"column":113},"end":{"line":128,"column":151}}],"line":128},"9":{"loc":{"start":{"line":130,"column":8},"end":{"line":135,"column":9}},"type":"if","locations":[{"start":{"line":130,"column":8},"end":{"line":135,"column":9}},{"start":{},"end":{}}],"line":130},"10":{"loc":{"start":{"line":132,"column":12},"end":{"line":134,"column":13}},"type":"if","locations":[{"start":{"line":132,"column":12},"end":{"line":134,"column":13}},{"start":{},"end":{}}],"line":132},"11":{"loc":{"start":{"line":150,"column":8},"end":{"line":152,"column":9}},"type":"if","locations":[{"start":{"line":150,"column":8},"end":{"line":152,"column":9}},{"start":{},"end":{}}],"line":150},"12":{"loc":{"start":{"line":154,"column":8},"end":{"line":156,"column":9}},"type":"if","locations":[{"start":{"line":154,"column":8},"end":{"line":156,"column":9}},{"start":{},"end":{}}],"line":154},"13":{"loc":{"start":{"line":157,"column":8},"end":{"line":159,"column":9}},"type":"if","locations":[{"start":{"line":157,"column":8},"end":{"line":159,"column":9}},{"start":{},"end":{}}],"line":157},"14":{"loc":{"start":{"line":179,"column":8},"end":{"line":181,"column":9}},"type":"if","locations":[{"start":{"line":179,"column":8},"end":{"line":181,"column":9}},{"start":{},"end":{}}],"line":179},"15":{"loc":{"start":{"line":182,"column":8},"end":{"line":186,"column":9}},"type":"if","locations":[{"start":{"line":182,"column":8},"end":{"line":186,"column":9}},{"start":{},"end":{}}],"line":182},"16":{"loc":{"start":{"line":188,"column":8},"end":{"line":190,"column":9}},"type":"if","locations":[{"start":{"line":188,"column":8},"end":{"line":190,"column":9}},{"start":{},"end":{}}],"line":188},"17":{"loc":{"start":{"line":191,"column":8},"end":{"line":198,"column":9}},"type":"if","locations":[{"start":{"line":191,"column":8},"end":{"line":198,"column":9}},{"start":{},"end":{}}],"line":191},"18":{"loc":{"start":{"line":237,"column":8},"end":{"line":237,"column":94}},"type":"if","locations":[{"start":{"line":237,"column":8},"end":{"line":237,"column":94}},{"start":{},"end":{}}],"line":237},"19":{"loc":{"start":{"line":251,"column":24},"end":{"line":251,"column":77}},"type":"cond-expr","locations":[{"start":{"line":251,"column":57},"end":{"line":251,"column":72}},{"start":{"line":251,"column":75},"end":{"line":251,"column":77}}],"line":251},"20":{"loc":{"start":{"line":262,"column":4},"end":{"line":264,"column":5}},"type":"if","locations":[{"start":{"line":262,"column":4},"end":{"line":264,"column":5}},{"start":{},"end":{}}],"line":262},"21":{"loc":{"start":{"line":267,"column":8},"end":{"line":269,"column":9}},"type":"if","locations":[{"start":{"line":267,"column":8},"end":{"line":269,"column":9}},{"start":{},"end":{}}],"line":267},"22":{"loc":{"start":{"line":309,"column":8},"end":{"line":311,"column":9}},"type":"if","locations":[{"start":{"line":309,"column":8},"end":{"line":311,"column":9}},{"start":{},"end":{}}],"line":309},"23":{"loc":{"start":{"line":312,"column":8},"end":{"line":314,"column":9}},"type":"if","locations":[{"start":{"line":312,"column":8},"end":{"line":314,"column":9}},{"start":{},"end":{}}],"line":312},"24":{"loc":{"start":{"line":312,"column":12},"end":{"line":312,"column":68}},"type":"binary-expr","locations":[{"start":{"line":312,"column":12},"end":{"line":312,"column":34}},{"start":{"line":312,"column":38},"end":{"line":312,"column":68}}],"line":312},"25":{"loc":{"start":{"line":315,"column":8},"end":{"line":320,"column":9}},"type":"if","locations":[{"start":{"line":315,"column":8},"end":{"line":320,"column":9}},{"start":{},"end":{}}],"line":315},"26":{"loc":{"start":{"line":334,"column":8},"end":{"line":336,"column":9}},"type":"if","locations":[{"start":{"line":334,"column":8},"end":{"line":336,"column":9}},{"start":{},"end":{}}],"line":334},"27":{"loc":{"start":{"line":338,"column":8},"end":{"line":340,"column":9}},"type":"if","locations":[{"start":{"line":338,"column":8},"end":{"line":340,"column":9}},{"start":{},"end":{}}],"line":338},"28":{"loc":{"start":{"line":338,"column":12},"end":{"line":338,"column":68}},"type":"binary-expr","locations":[{"start":{"line":338,"column":12},"end":{"line":338,"column":34}},{"start":{"line":338,"column":38},"end":{"line":338,"column":68}}],"line":338},"29":{"loc":{"start":{"line":341,"column":8},"end":{"line":346,"column":9}},"type":"if","locations":[{"start":{"line":341,"column":8},"end":{"line":346,"column":9}},{"start":{},"end":{}}],"line":341}},"s":{"0":9,"1":7,"2":7,"3":7,"4":6,"5":3,"6":2,"7":2,"8":2,"9":2,"10":2,"11":2,"12":2,"13":2,"14":2,"15":2,"16":2,"17":2,"18":2,"19":1,"20":2,"21":1,"22":3,"23":3,"24":3,"25":3,"26":3,"27":3,"28":2,"29":2,"30":2,"31":2,"32":1,"33":2,"34":2,"35":2,"36":2,"37":23,"38":23,"39":23,"40":23,"41":23,"42":1,"43":22,"44":22,"45":22,"46":22,"47":7,"48":5,"49":2,"50":23,"51":23,"52":6,"53":23,"54":4,"55":23,"56":1604,"57":1604,"58":23,"59":19,"60":19,"61":2,"62":23,"63":19,"64":4,"65":4,"66":9,"67":5,"68":5,"69":5,"70":4,"71":1,"72":3,"73":3,"74":1,"75":2,"76":1,"77":1,"78":1,"79":1,"80":9,"81":20,"82":20,"83":20,"84":19,"85":1,"86":18,"87":1,"88":17,"89":17,"90":1,"91":16,"92":1,"93":15,"94":14,"95":14,"96":14,"97":0,"98":14,"99":2,"100":9,"101":5,"102":5,"103":3,"104":2,"105":9,"106":12,"107":12,"108":12,"109":10,"110":1,"111":9,"112":9,"113":0,"114":9,"115":9,"116":2,"117":9,"118":8,"119":8,"120":4,"121":4,"122":4,"123":4,"124":1,"125":3,"126":3,"127":2,"128":2,"129":2,"130":2,"131":2,"132":1,"133":2,"134":1,"135":9,"136":6,"137":6,"138":6,"139":5,"140":1,"141":4,"142":2,"143":2,"144":1,"145":1,"146":1,"147":1,"148":1,"149":1,"150":9,"151":6,"152":6,"153":6,"154":5,"155":1,"156":4,"157":2,"158":2,"159":1,"160":1,"161":1,"162":1,"163":1,"164":1,"165":1,"166":1,"167":1,"168":1},"f":{"0":7,"1":23,"2":1604,"3":5,"4":20,"5":5,"6":12,"7":8,"8":6,"9":6},"b":{"0":[3,3],"1":[2,1],"2":[0,2],"3":[1,22],"4":[15,7],"5":[5,2],"6":[6,17],"7":[4,19],"8":[1604,1604,1604],"9":[19,4],"10":[2,17],"11":[1,3],"12":[1,2],"13":[1,1],"14":[1,18],"15":[1,17],"16":[1,16],"17":[1,15],"18":[1,9],"19":[9,0],"20":[4,4],"21":[1,3],"22":[1,4],"23":[2,2],"24":[4,3],"25":[1,1],"26":[1,4],"27":[2,2],"28":[4,3],"29":[1,1]},"_coverageSchema":"1a1c01bbd47fc00a2c39e90264f33305004495a9","hash":"7128e12766c34df8b07aa43cd8aa9221cfd88b99"}
,"C:\\Users\\AYUSH MITTAL\\Downloads\\IT314_Project-main_off1\\IT314_Project-main\\IT314_Project-main\\IT314_Project-main\\Backend\\controllers\\ChatController.js": {"path":"C:\\Users\\AYUSH MITTAL\\Downloads\\IT314_Project-main_off1\\IT314_Project-main\\IT314_Project-main\\IT314_Project-main\\Backend\\controllers\\ChatController.js","statementMap":{"0":{"start":{"line":6,"column":26},"end":{"line":41,"column":1}},"1":{"start":{"line":7,"column":4},"end":{"line":40,"column":5}},"2":{"start":{"line":8,"column":24},"end":{"line":8,"column":27}},"3":{"start":{"line":9,"column":53},"end":{"line":9,"column":61}},"4":{"start":{"line":11,"column":25},"end":{"line":11,"column":78}},"5":{"start":{"line":13,"column":8},"end":{"line":25,"column":9}},"6":{"start":{"line":14,"column":32},"end":{"line":17,"column":23}},"7":{"start":{"line":18,"column":12},"end":{"line":18,"column":47}},"8":{"start":{"line":20,"column":12},"end":{"line":20,"column":59}},"9":{"start":{"line":21,"column":12},"end":{"line":24,"column":15}},"10":{"start":{"line":27,"column":24},"end":{"line":33,"column":10}},"11":{"start":{"line":34,"column":8},"end":{"line":34,"column":91}},"12":{"start":{"line":35,"column":8},"end":{"line":35,"column":29}},"13":{"start":{"line":36,"column":8},"end":{"line":36,"column":108}},"14":{"start":{"line":39,"column":8},"end":{"line":39,"column":72}},"15":{"start":{"line":43,"column":27},"end":{"line":63,"column":1}},"16":{"start":{"line":44,"column":4},"end":{"line":62,"column":5}},"17":{"start":{"line":45,"column":40},"end":{"line":45,"column":48}},"18":{"start":{"line":46,"column":21},"end":{"line":46,"column":61}},"19":{"start":{"line":48,"column":8},"end":{"line":50,"column":9}},"20":{"start":{"line":49,"column":12},"end":{"line":49,"column":71}},"21":{"start":{"line":51,"column":24},"end":{"line":51,"column":94}},"22":{"start":{"line":51,"column":57},"end":{"line":51,"column":82}},"23":{"start":{"line":53,"column":25},"end":{"line":53,"column":90}},"24":{"start":{"line":55,"column":8},"end":{"line":55,"column":85}},"25":{"start":{"line":56,"column":8},"end":{"line":56,"column":80}},"26":{"start":{"line":57,"column":8},"end":{"line":57,"column":26}},"27":{"start":{"line":59,"column":8},"end":{"line":59,"column":83}},"28":{"start":{"line":61,"column":8},"end":{"line":61,"column":81}},"29":{"start":{"line":66,"column":24},"end":{"line":75,"column":1}},"30":{"start":{"line":67,"column":4},"end":{"line":74,"column":5}},"31":{"start":{"line":68,"column":26},"end":{"line":68,"column":29}},"32":{"start":{"line":69,"column":40},"end":{"line":69,"column":48}},"33":{"start":{"line":70,"column":22},"end":{"line":70,"column":74}},"34":{"start":{"line":71,"column":8},"end":{"line":71,"column":87}},"35":{"start":{"line":73,"column":8},"end":{"line":73,"column":75}},"36":{"start":{"line":77,"column":23},"end":{"line":88,"column":1}},"37":{"start":{"line":78,"column":4},"end":{"line":87,"column":5}},"38":{"start":{"line":79,"column":27},"end":{"line":79,"column":35}},"39":{"start":{"line":80,"column":21},"end":{"line":80,"column":53}},"40":{"start":{"line":81,"column":8},"end":{"line":83,"column":9}},"41":{"start":{"line":82,"column":12},"end":{"line":82,"column":71}},"42":{"start":{"line":84,"column":8},"end":{"line":84,"column":85}},"43":{"start":{"line":86,"column":8},"end":{"line":86,"column":74}},"44":{"start":{"line":90,"column":26},"end":{"line":101,"column":1}},"45":{"start":{"line":91,"column":4},"end":{"line":100,"column":5}},"46":{"start":{"line":92,"column":27},"end":{"line":92,"column":35}},"47":{"start":{"line":93,"column":21},"end":{"line":93,"column":62}},"48":{"start":{"line":94,"column":8},"end":{"line":96,"column":9}},"49":{"start":{"line":95,"column":12},"end":{"line":95,"column":71}},"50":{"start":{"line":97,"column":8},"end":{"line":97,"column":83}},"51":{"start":{"line":99,"column":8},"end":{"line":99,"column":72}},"52":{"start":{"line":103,"column":26},"end":{"line":116,"column":1}},"53":{"start":{"line":104,"column":4},"end":{"line":115,"column":5}},"54":{"start":{"line":105,"column":37},"end":{"line":105,"column":45}},"55":{"start":{"line":106,"column":21},"end":{"line":106,"column":53}},"56":{"start":{"line":107,"column":8},"end":{"line":109,"column":9}},"57":{"start":{"line":108,"column":12},"end":{"line":108,"column":71}},"58":{"start":{"line":110,"column":8},"end":{"line":110,"column":30}},"59":{"start":{"line":111,"column":8},"end":{"line":111,"column":26}},"60":{"start":{"line":112,"column":8},"end":{"line":112,"column":83}},"61":{"start":{"line":114,"column":8},"end":{"line":114,"column":72}}},"fnMap":{"0":{"name":"(anonymous_0)","decl":{"start":{"line":6,"column":26},"end":{"line":6,"column":27}},"loc":{"start":{"line":6,"column":46},"end":{"line":41,"column":1}},"line":6},"1":{"name":"(anonymous_1)","decl":{"start":{"line":43,"column":27},"end":{"line":43,"column":28}},"loc":{"start":{"line":43,"column":47},"end":{"line":63,"column":1}},"line":43},"2":{"name":"(anonymous_2)","decl":{"start":{"line":51,"column":52},"end":{"line":51,"column":53}},"loc":{"start":{"line":51,"column":57},"end":{"line":51,"column":82}},"line":51},"3":{"name":"(anonymous_3)","decl":{"start":{"line":66,"column":24},"end":{"line":66,"column":25}},"loc":{"start":{"line":66,"column":44},"end":{"line":75,"column":1}},"line":66},"4":{"name":"(anonymous_4)","decl":{"start":{"line":77,"column":23},"end":{"line":77,"column":24}},"loc":{"start":{"line":77,"column":43},"end":{"line":88,"column":1}},"line":77},"5":{"name":"(anonymous_5)","decl":{"start":{"line":90,"column":26},"end":{"line":90,"column":27}},"loc":{"start":{"line":90,"column":46},"end":{"line":101,"column":1}},"line":90},"6":{"name":"(anonymous_6)","decl":{"start":{"line":103,"column":26},"end":{"line":103,"column":27}},"loc":{"start":{"line":103,"column":46},"end":{"line":116,"column":1}},"line":103}},"branchMap":{"0":{"loc":{"start":{"line":48,"column":8},"end":{"line":50,"column":9}},"type":"if","locations":[{"start":{"line":48,"column":8},"end":{"line":50,"column":9}},{"start":{},"end":{}}],"line":48},"1":{"loc":{"start":{"line":81,"column":8},"end":{"line":83,"column":9}},"type":"if","locations":[{"start":{"line":81,"column":8},"end":{"line":83,"column":9}},{"start":{},"end":{}}],"line":81},"2":{"loc":{"start":{"line":94,"column":8},"end":{"line":96,"column":9}},"type":"if","locations":[{"start":{"line":94,"column":8},"end":{"line":96,"column":9}},{"start":{},"end":{}}],"line":94},"3":{"loc":{"start":{"line":107,"column":8},"end":{"line":109,"column":9}},"type":"if","locations":[{"start":{"line":107,"column":8},"end":{"line":109,"column":9}},{"start":{},"end":{}}],"line":107}},"s":{"0":6,"1":5,"2":5,"3":5,"4":5,"5":5,"6":5,"7":5,"8":1,"9":1,"10":4,"11":4,"12":4,"13":2,"14":2,"15":6,"16":7,"17":7,"18":7,"19":7,"20":1,"21":6,"22":1,"23":5,"24":4,"25":4,"26":4,"27":3,"28":3,"29":6,"30":3,"31":3,"32":3,"33":3,"34":2,"35":1,"36":6,"37":3,"38":3,"39":3,"40":2,"41":1,"42":1,"43":1,"44":6,"45":3,"46":3,"47":3,"48":2,"49":1,"50":1,"51":1,"52":6,"53":6,"54":6,"55":6,"56":5,"57":2,"58":3,"59":3,"60":2,"61":2},"f":{"0":5,"1":7,"2":1,"3":3,"4":3,"5":3,"6":6},"b":{"0":[1,6],"1":[1,1],"2":[1,1],"3":[2,3]},"_coverageSchema":"1a1c01bbd47fc00a2c39e90264f33305004495a9","hash":"1c91696458cfe43ba835087fa4168e5ba7c39e66"}
,"C:\\Users\\AYUSH MITTAL\\Downloads\\IT314_Project-main_off1\\IT314_Project-main\\IT314_Project-main\\IT314_Project-main\\Backend\\controllers\\CodeController.js": {"path":"C:\\Users\\AYUSH MITTAL\\Downloads\\IT314_Project-main_off1\\IT314_Project-main\\IT314_Project-main\\IT314_Project-main\\Backend\\controllers\\CodeController.js","statementMap":{"0":{"start":{"line":7,"column":33},"end":{"line":28,"column":1}},"1":{"start":{"line":32,"column":27},"end":{"line":69,"column":1}},"2":{"start":{"line":33,"column":4},"end":{"line":68,"column":5}},"3":{"start":{"line":34,"column":59},"end":{"line":34,"column":76}},"4":{"start":{"line":35,"column":27},"end":{"line":40,"column":15}},"5":{"start":{"line":36,"column":28},"end":{"line":36,"column":79}},"6":{"start":{"line":37,"column":26},"end":{"line":40,"column":13}},"7":{"start":{"line":42,"column":24},"end":{"line":48,"column":9}},"8":{"start":{"line":50,"column":25},"end":{"line":55,"column":10}},"9":{"start":{"line":57,"column":8},"end":{"line":61,"column":11}},"10":{"start":{"line":63,"column":8},"end":{"line":63,"column":54}},"11":{"start":{"line":64,"column":8},"end":{"line":67,"column":11}},"12":{"start":{"line":73,"column":23},"end":{"line":91,"column":1}},"13":{"start":{"line":74,"column":4},"end":{"line":90,"column":5}},"14":{"start":{"line":75,"column":21},"end":{"line":75,"column":37}},"15":{"start":{"line":76,"column":23},"end":{"line":76,"column":45}},"16":{"start":{"line":77,"column":23},"end":{"line":77,"column":55}},"17":{"start":{"line":78,"column":8},"end":{"line":78,"column":78}},"18":{"start":{"line":79,"column":29},"end":{"line":79,"column":49}},"19":{"start":{"line":80,"column":8},"end":{"line":84,"column":11}},"20":{"start":{"line":86,"column":8},"end":{"line":89,"column":10}}},"fnMap":{"0":{"name":"(anonymous_0)","decl":{"start":{"line":32,"column":27},"end":{"line":32,"column":28}},"loc":{"start":{"line":32,"column":47},"end":{"line":69,"column":1}},"line":32},"1":{"name":"(anonymous_1)","decl":{"start":{"line":36,"column":20},"end":{"line":36,"column":21}},"loc":{"start":{"line":36,"column":28},"end":{"line":36,"column":79}},"line":36},"2":{"name":"(anonymous_2)","decl":{"start":{"line":37,"column":17},"end":{"line":37,"column":18}},"loc":{"start":{"line":37,"column":26},"end":{"line":40,"column":13}},"line":37},"3":{"name":"(anonymous_3)","decl":{"start":{"line":73,"column":23},"end":{"line":73,"column":24}},"loc":{"start":{"line":73,"column":43},"end":{"line":91,"column":1}},"line":73}},"branchMap":{"0":{"loc":{"start":{"line":34,"column":33},"end":{"line":34,"column":42}},"type":"default-arg","locations":[{"start":{"line":34,"column":40},"end":{"line":34,"column":42}}],"line":34},"1":{"loc":{"start":{"line":34,"column":44},"end":{"line":34,"column":54}},"type":"default-arg","locations":[{"start":{"line":34,"column":52},"end":{"line":34,"column":54}}],"line":34},"2":{"loc":{"start":{"line":36,"column":28},"end":{"line":36,"column":79}},"type":"binary-expr","locations":[{"start":{"line":36,"column":28},"end":{"line":36,"column":52}},{"start":{"line":36,"column":55},"end":{"line":36,"column":78}}],"line":36},"3":{"loc":{"start":{"line":38,"column":22},"end":{"line":38,"column":80}},"type":"cond-expr","locations":[{"start":{"line":38,"column":50},"end":{"line":38,"column":68}},{"start":{"line":38,"column":71},"end":{"line":38,"column":80}}],"line":38},"4":{"loc":{"start":{"line":46,"column":18},"end":{"line":46,"column":49}},"type":"cond-expr","locations":[{"start":{"line":46,"column":40},"end":{"line":46,"column":44}},{"start":{"line":46,"column":47},"end":{"line":46,"column":49}}],"line":46},"5":{"loc":{"start":{"line":47,"column":19},"end":{"line":47,"column":30}},"type":"binary-expr","locations":[{"start":{"line":47,"column":19},"end":{"line":47,"column":24}},{"start":{"line":47,"column":28},"end":{"line":47,"column":30}}],"line":47}},"s":{"0":2,"1":2,"2":13,"3":13,"4":13,"5":16,"6":11,"7":13,"8":13,"9":12,"10":1,"11":1,"12":2,"13":5,"14":5,"15":5,"16":5,"17":4,"18":4,"19":3,"20":2},"f":{"0":13,"1":16,"2":11,"3":5},"b":{"0":[0],"1":[1],"2":[16,14],"3":[1,10],"4":[12,1],"5":[13,13]},"_coverageSchema":"1a1c01bbd47fc00a2c39e90264f33305004495a9","hash":"e8083c7bf1074309bd51824da615ddb8a0a7646a"}
,"C:\\Users\\AYUSH MITTAL\\Downloads\\IT314_Project-main_off1\\IT314_Project-main\\IT314_Project-main\\IT314_Project-main\\Backend\\controllers\\Roadmap.js": {"path":"C:\\Users\\AYUSH MITTAL\\Downloads\\IT314_Project-main_off1\\IT314_Project-main\\IT314_Project-main\\IT314_Project-main\\Backend\\controllers\\Roadmap.js","statementMap":{"0":{"start":{"line":12,"column":31},"end":{"line":91,"column":1}},"1":{"start":{"line":13,"column":4},"end":{"line":90,"column":5}},"2":{"start":{"line":14,"column":47},"end":{"line":14,"column":64}},"3":{"start":{"line":15,"column":23},"end":{"line":15,"column":33}},"4":{"start":{"line":18,"column":8},"end":{"line":18,"column":60}},"5":{"start":{"line":19,"column":28},"end":{"line":19,"column":64}},"6":{"start":{"line":20,"column":35},"end":{"line":20,"column":72}},"7":{"start":{"line":21,"column":24},"end":{"line":21,"column":74}},"8":{"start":{"line":23,"column":8},"end":{"line":29,"column":9}},"9":{"start":{"line":24,"column":12},"end":{"line":24,"column":71}},"10":{"start":{"line":25,"column":12},"end":{"line":28,"column":15}},"11":{"start":{"line":32,"column":25},"end":{"line":32,"column":52}},"12":{"start":{"line":33,"column":8},"end":{"line":35,"column":10}},"13":{"start":{"line":37,"column":27},"end":{"line":37,"column":60}},"14":{"start":{"line":38,"column":23},"end":{"line":38,"column":160}},"15":{"start":{"line":40,"column":29},"end":{"line":40,"column":61}},"16":{"start":{"line":41,"column":8},"end":{"line":41,"column":59}},"17":{"start":{"line":45,"column":8},"end":{"line":57,"column":9}},"18":{"start":{"line":46,"column":32},"end":{"line":49,"column":23}},"19":{"start":{"line":50,"column":12},"end":{"line":50,"column":50}},"20":{"start":{"line":52,"column":12},"end":{"line":52,"column":59}},"21":{"start":{"line":53,"column":12},"end":{"line":56,"column":15}},"22":{"start":{"line":59,"column":8},"end":{"line":59,"column":75}},"23":{"start":{"line":60,"column":25},"end":{"line":60,"column":55}},"24":{"start":{"line":61,"column":8},"end":{"line":61,"column":40}},"25":{"start":{"line":63,"column":8},"end":{"line":63,"column":73}},"26":{"start":{"line":64,"column":23},"end":{"line":64,"column":51}},"27":{"start":{"line":65,"column":8},"end":{"line":65,"column":36}},"28":{"start":{"line":67,"column":21},"end":{"line":67,"column":53}},"29":{"start":{"line":68,"column":8},"end":{"line":70,"column":9}},"30":{"start":{"line":69,"column":12},"end":{"line":69,"column":87}},"31":{"start":{"line":71,"column":27},"end":{"line":75,"column":10}},"32":{"start":{"line":76,"column":8},"end":{"line":76,"column":32}},"33":{"start":{"line":78,"column":8},"end":{"line":78,"column":54}},"34":{"start":{"line":79,"column":24},"end":{"line":79,"column":51}},"35":{"start":{"line":80,"column":8},"end":{"line":80,"column":75}},"36":{"start":{"line":82,"column":8},"end":{"line":86,"column":11}},"37":{"start":{"line":88,"column":8},"end":{"line":88,"column":58}},"38":{"start":{"line":89,"column":8},"end":{"line":89,"column":80}},"39":{"start":{"line":93,"column":28},"end":{"line":137,"column":1}},"40":{"start":{"line":94,"column":4},"end":{"line":136,"column":5}},"41":{"start":{"line":95,"column":57},"end":{"line":95,"column":65}},"42":{"start":{"line":96,"column":8},"end":{"line":99,"column":9}},"43":{"start":{"line":97,"column":12},"end":{"line":97,"column":34}},"44":{"start":{"line":98,"column":12},"end":{"line":98,"column":109}},"45":{"start":{"line":100,"column":24},"end":{"line":100,"column":62}},"46":{"start":{"line":101,"column":8},"end":{"line":103,"column":9}},"47":{"start":{"line":102,"column":12},"end":{"line":102,"column":90}},"48":{"start":{"line":105,"column":23},"end":{"line":105,"column":65}},"49":{"start":{"line":106,"column":21},"end":{"line":106,"column":53}},"50":{"start":{"line":108,"column":24},"end":{"line":111,"column":19}},"51":{"start":{"line":115,"column":8},"end":{"line":119,"column":9}},"52":{"start":{"line":116,"column":12},"end":{"line":116,"column":43}},"53":{"start":{"line":118,"column":12},"end":{"line":118,"column":91}},"54":{"start":{"line":121,"column":8},"end":{"line":121,"column":50}},"55":{"start":{"line":122,"column":24},"end":{"line":128,"column":10}},"56":{"start":{"line":129,"column":8},"end":{"line":129,"column":29}},"57":{"start":{"line":131,"column":8},"end":{"line":131,"column":111}},"58":{"start":{"line":134,"column":8},"end":{"line":134,"column":60}},"59":{"start":{"line":135,"column":8},"end":{"line":135,"column":80}},"60":{"start":{"line":139,"column":26},"end":{"line":153,"column":1}},"61":{"start":{"line":140,"column":4},"end":{"line":152,"column":5}},"62":{"start":{"line":141,"column":24},"end":{"line":141,"column":27}},"63":{"start":{"line":142,"column":53},"end":{"line":142,"column":61}},"64":{"start":{"line":143,"column":24},"end":{"line":148,"column":10}},"65":{"start":{"line":149,"column":8},"end":{"line":149,"column":111}},"66":{"start":{"line":151,"column":8},"end":{"line":151,"column":80}},"67":{"start":{"line":155,"column":31},"end":{"line":167,"column":1}},"68":{"start":{"line":156,"column":4},"end":{"line":166,"column":5}},"69":{"start":{"line":157,"column":26},"end":{"line":157,"column":29}},"70":{"start":{"line":158,"column":25},"end":{"line":159,"column":50}},"71":{"start":{"line":161,"column":8},"end":{"line":163,"column":95}},"72":{"start":{"line":165,"column":8},"end":{"line":165,"column":80}},"73":{"start":{"line":169,"column":29},"end":{"line":186,"column":1}},"74":{"start":{"line":170,"column":4},"end":{"line":185,"column":5}},"75":{"start":{"line":171,"column":30},"end":{"line":171,"column":38}},"76":{"start":{"line":172,"column":8},"end":{"line":172,"column":60}},"77":{"start":{"line":174,"column":24},"end":{"line":174,"column":70}},"78":{"start":{"line":176,"column":8},"end":{"line":178,"column":9}},"79":{"start":{"line":177,"column":12},"end":{"line":177,"column":90}},"80":{"start":{"line":180,"column":8},"end":{"line":180,"column":57}},"81":{"start":{"line":181,"column":8},"end":{"line":181,"column":61}},"82":{"start":{"line":182,"column":8},"end":{"line":182,"column":96}},"83":{"start":{"line":184,"column":8},"end":{"line":184,"column":80}},"84":{"start":{"line":188,"column":30},"end":{"line":204,"column":1}},"85":{"start":{"line":189,"column":4},"end":{"line":203,"column":5}},"86":{"start":{"line":190,"column":30},"end":{"line":190,"column":38}},"87":{"start":{"line":192,"column":24},"end":{"line":192,"column":70}},"88":{"start":{"line":194,"column":8},"end":{"line":196,"column":9}},"89":{"start":{"line":195,"column":12},"end":{"line":195,"column":90}},"90":{"start":{"line":198,"column":8},"end":{"line":200,"column":93}},"91":{"start":{"line":202,"column":8},"end":{"line":202,"column":80}},"92":{"start":{"line":206,"column":34},"end":{"line":223,"column":1}},"93":{"start":{"line":207,"column":4},"end":{"line":222,"column":5}},"94":{"start":{"line":208,"column":30},"end":{"line":208,"column":40}},"95":{"start":{"line":209,"column":23},"end":{"line":209,"column":33}},"96":{"start":{"line":211,"column":22},"end":{"line":211,"column":65}},"97":{"start":{"line":213,"column":25},"end":{"line":217,"column":14}},"98":{"start":{"line":214,"column":24},"end":{"line":214,"column":61}},"99":{"start":{"line":215,"column":12},"end":{"line":215,"column":36}},"100":{"start":{"line":216,"column":12},"end":{"line":216,"column":23}},"101":{"start":{"line":219,"column":8},"end":{"line":219,"column":71}},"102":{"start":{"line":221,"column":8},"end":{"line":221,"column":80}},"103":{"start":{"line":225,"column":24},"end":{"line":241,"column":1}},"104":{"start":{"line":226,"column":4},"end":{"line":240,"column":5}},"105":{"start":{"line":227,"column":61},"end":{"line":227,"column":69}},"106":{"start":{"line":228,"column":23},"end":{"line":228,"column":33}},"107":{"start":{"line":230,"column":28},"end":{"line":234,"column":9}},"108":{"start":{"line":236,"column":8},"end":{"line":236,"column":97}},"109":{"start":{"line":238,"column":8},"end":{"line":238,"column":51}},"110":{"start":{"line":239,"column":8},"end":{"line":239,"column":80}},"111":{"start":{"line":243,"column":39},"end":{"line":294,"column":1}},"112":{"start":{"line":244,"column":4},"end":{"line":293,"column":5}},"113":{"start":{"line":246,"column":71},"end":{"line":246,"column":79}},"114":{"start":{"line":248,"column":8},"end":{"line":253,"column":9}},"115":{"start":{"line":249,"column":12},"end":{"line":252,"column":15}},"116":{"start":{"line":255,"column":24},"end":{"line":255,"column":62}},"117":{"start":{"line":257,"column":8},"end":{"line":259,"column":9}},"118":{"start":{"line":258,"column":12},"end":{"line":258,"column":90}},"119":{"start":{"line":261,"column":29},"end":{"line":261,"column":54}},"120":{"start":{"line":262,"column":29},"end":{"line":262,"column":48}},"121":{"start":{"line":263,"column":30},"end":{"line":263,"column":50}},"122":{"start":{"line":265,"column":8},"end":{"line":265,"column":128}},"123":{"start":{"line":265,"column":120},"end":{"line":265,"column":125}},"124":{"start":{"line":266,"column":8},"end":{"line":268,"column":9}},"125":{"start":{"line":267,"column":12},"end":{"line":267,"column":90}},"126":{"start":{"line":269,"column":8},"end":{"line":271,"column":9}},"127":{"start":{"line":270,"column":12},"end":{"line":270,"column":91}},"128":{"start":{"line":273,"column":29},"end":{"line":273,"column":81}},"129":{"start":{"line":274,"column":30},"end":{"line":274,"column":111}},"130":{"start":{"line":275,"column":19},"end":{"line":275,"column":103}},"131":{"start":{"line":276,"column":24},"end":{"line":276,"column":56}},"132":{"start":{"line":279,"column":8},"end":{"line":279,"column":118}},"133":{"start":{"line":281,"column":8},"end":{"line":281,"column":44}},"134":{"start":{"line":282,"column":8},"end":{"line":282,"column":29}},"135":{"start":{"line":284,"column":8},"end":{"line":288,"column":11}},"136":{"start":{"line":291,"column":8},"end":{"line":291,"column":66}},"137":{"start":{"line":292,"column":8},"end":{"line":292,"column":80}},"138":{"start":{"line":296,"column":28},"end":{"line":321,"column":1}},"139":{"start":{"line":297,"column":4},"end":{"line":320,"column":5}},"140":{"start":{"line":298,"column":53},"end":{"line":298,"column":61}},"141":{"start":{"line":300,"column":24},"end":{"line":300,"column":70}},"142":{"start":{"line":301,"column":28},"end":{"line":301,"column":47}},"143":{"start":{"line":302,"column":31},"end":{"line":302,"column":58}},"144":{"start":{"line":303,"column":8},"end":{"line":305,"column":9}},"145":{"start":{"line":304,"column":12},"end":{"line":304,"column":90}},"146":{"start":{"line":306,"column":32},"end":{"line":306,"column":84}},"147":{"start":{"line":307,"column":8},"end":{"line":309,"column":9}},"148":{"start":{"line":308,"column":12},"end":{"line":308,"column":91}},"149":{"start":{"line":310,"column":8},"end":{"line":310,"column":122}},"150":{"start":{"line":311,"column":24},"end":{"line":311,"column":95}},"151":{"start":{"line":312,"column":8},"end":{"line":312,"column":91}},"152":{"start":{"line":313,"column":8},"end":{"line":313,"column":44}},"153":{"start":{"line":314,"column":8},"end":{"line":314,"column":29}},"154":{"start":{"line":316,"column":8},"end":{"line":316,"column":110}},"155":{"start":{"line":318,"column":8},"end":{"line":318,"column":55}},"156":{"start":{"line":319,"column":8},"end":{"line":319,"column":80}},"157":{"start":{"line":323,"column":29},"end":{"line":341,"column":1}},"158":{"start":{"line":324,"column":4},"end":{"line":340,"column":5}},"159":{"start":{"line":325,"column":30},"end":{"line":325,"column":38}},"160":{"start":{"line":327,"column":24},"end":{"line":327,"column":70}},"161":{"start":{"line":328,"column":29},"end":{"line":328,"column":38}},"162":{"start":{"line":329,"column":8},"end":{"line":335,"column":9}},"163":{"start":{"line":330,"column":12},"end":{"line":334,"column":13}},"164":{"start":{"line":331,"column":16},"end":{"line":333,"column":17}},"165":{"start":{"line":332,"column":20},"end":{"line":332,"column":69}},"166":{"start":{"line":336,"column":8},"end":{"line":336,"column":60}},"167":{"start":{"line":337,"column":8},"end":{"line":337,"column":87}},"168":{"start":{"line":339,"column":8},"end":{"line":339,"column":80}},"169":{"start":{"line":343,"column":40},"end":{"line":358,"column":1}},"170":{"start":{"line":344,"column":4},"end":{"line":357,"column":5}},"171":{"start":{"line":345,"column":30},"end":{"line":345,"column":38}},"172":{"start":{"line":346,"column":24},"end":{"line":346,"column":70}},"173":{"start":{"line":348,"column":36},"end":{"line":348,"column":38}},"174":{"start":{"line":349,"column":8},"end":{"line":353,"column":9}},"175":{"start":{"line":350,"column":12},"end":{"line":352,"column":13}},"176":{"start":{"line":351,"column":16},"end":{"line":351,"column":105}},"177":{"start":{"line":354,"column":8},"end":{"line":354,"column":82}},"178":{"start":{"line":356,"column":8},"end":{"line":356,"column":80}},"179":{"start":{"line":360,"column":30},"end":{"line":471,"column":1}},"180":{"start":{"line":361,"column":4},"end":{"line":470,"column":5}},"181":{"start":{"line":362,"column":18},"end":{"line":362,"column":55}},"182":{"start":{"line":363,"column":21},"end":{"line":363,"column":69}},"183":{"start":{"line":364,"column":25},"end":{"line":364,"column":92}},"184":{"start":{"line":366,"column":8},"end":{"line":368,"column":9}},"185":{"start":{"line":367,"column":12},"end":{"line":367,"column":94}},"186":{"start":{"line":370,"column":22},"end":{"line":370,"column":31}},"187":{"start":{"line":371,"column":23},"end":{"line":371,"column":33}},"188":{"start":{"line":374,"column":25},"end":{"line":374,"column":93}},"189":{"start":{"line":376,"column":21},"end":{"line":376,"column":36}},"190":{"start":{"line":377,"column":24},"end":{"line":382,"column":9}},"191":{"start":{"line":384,"column":8},"end":{"line":419,"column":9}},"192":{"start":{"line":385,"column":23},"end":{"line":385,"column":42}},"193":{"start":{"line":386,"column":30},"end":{"line":386,"column":35}},"194":{"start":{"line":387,"column":33},"end":{"line":387,"column":60}},"195":{"start":{"line":388,"column":12},"end":{"line":390,"column":13}},"196":{"start":{"line":389,"column":16},"end":{"line":389,"column":74}},"197":{"start":{"line":392,"column":29},"end":{"line":392,"column":74}},"198":{"start":{"line":393,"column":12},"end":{"line":418,"column":13}},"199":{"start":{"line":394,"column":32},"end":{"line":394,"column":59}},"200":{"start":{"line":395,"column":29},"end":{"line":395,"column":34}},"201":{"start":{"line":396,"column":16},"end":{"line":403,"column":17}},"202":{"start":{"line":397,"column":20},"end":{"line":402,"column":23}},"203":{"start":{"line":404,"column":29},"end":{"line":404,"column":76}},"204":{"start":{"line":405,"column":16},"end":{"line":417,"column":17}},"205":{"start":{"line":406,"column":36},"end":{"line":406,"column":63}},"206":{"start":{"line":407,"column":20},"end":{"line":416,"column":21}},"207":{"start":{"line":408,"column":24},"end":{"line":415,"column":27}},"208":{"start":{"line":422,"column":28},"end":{"line":427,"column":19}},"209":{"start":{"line":429,"column":28},"end":{"line":438,"column":9}},"210":{"start":{"line":430,"column":12},"end":{"line":430,"column":36}},"211":{"start":{"line":430,"column":26},"end":{"line":430,"column":36}},"212":{"start":{"line":431,"column":24},"end":{"line":431,"column":59}},"213":{"start":{"line":432,"column":12},"end":{"line":432,"column":57}},"214":{"start":{"line":432,"column":28},"end":{"line":432,"column":57}},"215":{"start":{"line":433,"column":26},"end":{"line":433,"column":47}},"216":{"start":{"line":434,"column":24},"end":{"line":434,"column":72}},"217":{"start":{"line":435,"column":27},"end":{"line":435,"column":47}},"218":{"start":{"line":436,"column":27},"end":{"line":436,"column":58}},"219":{"start":{"line":437,"column":12},"end":{"line":437,"column":63}},"220":{"start":{"line":440,"column":8},"end":{"line":447,"column":9}},"221":{"start":{"line":441,"column":12},"end":{"line":446,"column":15}},"222":{"start":{"line":450,"column":25},"end":{"line":453,"column":10}},"223":{"start":{"line":450,"column":33},"end":{"line":453,"column":9}},"224":{"start":{"line":455,"column":8},"end":{"line":466,"column":11}},"225":{"start":{"line":468,"column":8},"end":{"line":468,"column":57}},"226":{"start":{"line":469,"column":8},"end":{"line":469,"column":80}},"227":{"start":{"line":473,"column":32},"end":{"line":495,"column":1}},"228":{"start":{"line":474,"column":4},"end":{"line":494,"column":5}},"229":{"start":{"line":475,"column":30},"end":{"line":475,"column":38}},"230":{"start":{"line":476,"column":26},"end":{"line":476,"column":29}},"231":{"start":{"line":478,"column":24},"end":{"line":478,"column":77}},"232":{"start":{"line":480,"column":8},"end":{"line":482,"column":9}},"233":{"start":{"line":481,"column":12},"end":{"line":481,"column":90}},"234":{"start":{"line":484,"column":8},"end":{"line":484,"column":45}},"235":{"start":{"line":485,"column":8},"end":{"line":485,"column":29}},"236":{"start":{"line":487,"column":8},"end":{"line":491,"column":11}},"237":{"start":{"line":493,"column":8},"end":{"line":493,"column":80}}},"fnMap":{"0":{"name":"(anonymous_0)","decl":{"start":{"line":12,"column":31},"end":{"line":12,"column":32}},"loc":{"start":{"line":12,"column":51},"end":{"line":91,"column":1}},"line":12},"1":{"name":"(anonymous_1)","decl":{"start":{"line":93,"column":28},"end":{"line":93,"column":29}},"loc":{"start":{"line":93,"column":48},"end":{"line":137,"column":1}},"line":93},"2":{"name":"(anonymous_2)","decl":{"start":{"line":139,"column":26},"end":{"line":139,"column":27}},"loc":{"start":{"line":139,"column":45},"end":{"line":153,"column":1}},"line":139},"3":{"name":"(anonymous_3)","decl":{"start":{"line":155,"column":31},"end":{"line":155,"column":32}},"loc":{"start":{"line":155,"column":51},"end":{"line":167,"column":1}},"line":155},"4":{"name":"(anonymous_4)","decl":{"start":{"line":169,"column":29},"end":{"line":169,"column":30}},"loc":{"start":{"line":169,"column":49},"end":{"line":186,"column":1}},"line":169},"5":{"name":"(anonymous_5)","decl":{"start":{"line":188,"column":30},"end":{"line":188,"column":31}},"loc":{"start":{"line":188,"column":50},"end":{"line":204,"column":1}},"line":188},"6":{"name":"(anonymous_6)","decl":{"start":{"line":206,"column":34},"end":{"line":206,"column":35}},"loc":{"start":{"line":206,"column":54},"end":{"line":223,"column":1}},"line":206},"7":{"name":"(anonymous_7)","decl":{"start":{"line":213,"column":38},"end":{"line":213,"column":39}},"loc":{"start":{"line":213,"column":53},"end":{"line":217,"column":9}},"line":213},"8":{"name":"(anonymous_8)","decl":{"start":{"line":225,"column":24},"end":{"line":225,"column":25}},"loc":{"start":{"line":225,"column":44},"end":{"line":241,"column":1}},"line":225},"9":{"name":"(anonymous_9)","decl":{"start":{"line":243,"column":39},"end":{"line":243,"column":40}},"loc":{"start":{"line":243,"column":59},"end":{"line":294,"column":1}},"line":243},"10":{"name":"(anonymous_10)","decl":{"start":{"line":265,"column":114},"end":{"line":265,"column":115}},"loc":{"start":{"line":265,"column":120},"end":{"line":265,"column":125}},"line":265},"11":{"name":"(anonymous_11)","decl":{"start":{"line":296,"column":28},"end":{"line":296,"column":29}},"loc":{"start":{"line":296,"column":48},"end":{"line":321,"column":1}},"line":296},"12":{"name":"(anonymous_12)","decl":{"start":{"line":323,"column":29},"end":{"line":323,"column":30}},"loc":{"start":{"line":323,"column":49},"end":{"line":341,"column":1}},"line":323},"13":{"name":"(anonymous_13)","decl":{"start":{"line":343,"column":40},"end":{"line":343,"column":41}},"loc":{"start":{"line":343,"column":60},"end":{"line":358,"column":1}},"line":343},"14":{"name":"(anonymous_14)","decl":{"start":{"line":360,"column":30},"end":{"line":360,"column":31}},"loc":{"start":{"line":360,"column":50},"end":{"line":471,"column":1}},"line":360},"15":{"name":"(anonymous_15)","decl":{"start":{"line":429,"column":28},"end":{"line":429,"column":29}},"loc":{"start":{"line":429,"column":47},"end":{"line":438,"column":9}},"line":429},"16":{"name":"(anonymous_16)","decl":{"start":{"line":450,"column":25},"end":{"line":450,"column":26}},"loc":{"start":{"line":450,"column":33},"end":{"line":453,"column":9}},"line":450},"17":{"name":"(anonymous_17)","decl":{"start":{"line":473,"column":32},"end":{"line":473,"column":33}},"loc":{"start":{"line":473,"column":52},"end":{"line":495,"column":1}},"line":473}},"branchMap":{"0":{"loc":{"start":{"line":23,"column":8},"end":{"line":29,"column":9}},"type":"if","locations":[{"start":{"line":23,"column":8},"end":{"line":29,"column":9}},{"start":{},"end":{}}],"line":23},"1":{"loc":{"start":{"line":68,"column":8},"end":{"line":70,"column":9}},"type":"if","locations":[{"start":{"line":68,"column":8},"end":{"line":70,"column":9}},{"start":{},"end":{}}],"line":68},"2":{"loc":{"start":{"line":95,"column":37},"end":{"line":95,"column":52}},"type":"default-arg","locations":[{"start":{"line":95,"column":48},"end":{"line":95,"column":52}}],"line":95},"3":{"loc":{"start":{"line":96,"column":8},"end":{"line":99,"column":9}},"type":"if","locations":[{"start":{"line":96,"column":8},"end":{"line":99,"column":9}},{"start":{},"end":{}}],"line":96},"4":{"loc":{"start":{"line":96,"column":11},"end":{"line":96,"column":36}},"type":"binary-expr","locations":[{"start":{"line":96,"column":11},"end":{"line":96,"column":21}},{"start":{"line":96,"column":26},"end":{"line":96,"column":36}}],"line":96},"5":{"loc":{"start":{"line":101,"column":8},"end":{"line":103,"column":9}},"type":"if","locations":[{"start":{"line":101,"column":8},"end":{"line":103,"column":9}},{"start":{},"end":{}}],"line":101},"6":{"loc":{"start":{"line":126,"column":24},"end":{"line":126,"column":47}},"type":"binary-expr","locations":[{"start":{"line":126,"column":24},"end":{"line":126,"column":34}},{"start":{"line":126,"column":38},"end":{"line":126,"column":47}}],"line":126},"7":{"loc":{"start":{"line":176,"column":8},"end":{"line":178,"column":9}},"type":"if","locations":[{"start":{"line":176,"column":8},"end":{"line":178,"column":9}},{"start":{},"end":{}}],"line":176},"8":{"loc":{"start":{"line":194,"column":8},"end":{"line":196,"column":9}},"type":"if","locations":[{"start":{"line":194,"column":8},"end":{"line":196,"column":9}},{"start":{},"end":{}}],"line":194},"9":{"loc":{"start":{"line":248,"column":8},"end":{"line":253,"column":9}},"type":"if","locations":[{"start":{"line":248,"column":8},"end":{"line":253,"column":9}},{"start":{},"end":{}}],"line":248},"10":{"loc":{"start":{"line":248,"column":12},"end":{"line":248,"column":51}},"type":"binary-expr","locations":[{"start":{"line":248,"column":12},"end":{"line":248,"column":22}},{"start":{"line":248,"column":26},"end":{"line":248,"column":37}},{"start":{"line":248,"column":41},"end":{"line":248,"column":51}}],"line":248},"11":{"loc":{"start":{"line":257,"column":8},"end":{"line":259,"column":9}},"type":"if","locations":[{"start":{"line":257,"column":8},"end":{"line":259,"column":9}},{"start":{},"end":{}}],"line":257},"12":{"loc":{"start":{"line":266,"column":8},"end":{"line":268,"column":9}},"type":"if","locations":[{"start":{"line":266,"column":8},"end":{"line":268,"column":9}},{"start":{},"end":{}}],"line":266},"13":{"loc":{"start":{"line":269,"column":8},"end":{"line":271,"column":9}},"type":"if","locations":[{"start":{"line":269,"column":8},"end":{"line":271,"column":9}},{"start":{},"end":{}}],"line":269},"14":{"loc":{"start":{"line":303,"column":8},"end":{"line":305,"column":9}},"type":"if","locations":[{"start":{"line":303,"column":8},"end":{"line":305,"column":9}},{"start":{},"end":{}}],"line":303},"15":{"loc":{"start":{"line":307,"column":8},"end":{"line":309,"column":9}},"type":"if","locations":[{"start":{"line":307,"column":8},"end":{"line":309,"column":9}},{"start":{},"end":{}}],"line":307},"16":{"loc":{"start":{"line":331,"column":16},"end":{"line":333,"column":17}},"type":"if","locations":[{"start":{"line":331,"column":16},"end":{"line":333,"column":17}},{"start":{},"end":{}}],"line":331},"17":{"loc":{"start":{"line":351,"column":70},"end":{"line":351,"column":104}},"type":"binary-expr","locations":[{"start":{"line":351,"column":70},"end":{"line":351,"column":98}},{"start":{"line":351,"column":102},"end":{"line":351,"column":104}}],"line":351},"18":{"loc":{"start":{"line":362,"column":19},"end":{"line":362,"column":36}},"type":"binary-expr","locations":[{"start":{"line":362,"column":19},"end":{"line":362,"column":30}},{"start":{"line":362,"column":34},"end":{"line":362,"column":36}}],"line":362},"19":{"loc":{"start":{"line":363,"column":42},"end":{"line":363,"column":63}},"type":"binary-expr","locations":[{"start":{"line":363,"column":42},"end":{"line":363,"column":56}},{"start":{"line":363,"column":60},"end":{"line":363,"column":63}}],"line":363},"20":{"loc":{"start":{"line":364,"column":59},"end":{"line":364,"column":85}},"type":"binary-expr","locations":[{"start":{"line":364,"column":59},"end":{"line":364,"column":77}},{"start":{"line":364,"column":81},"end":{"line":364,"column":85}}],"line":364},"21":{"loc":{"start":{"line":366,"column":8},"end":{"line":368,"column":9}},"type":"if","locations":[{"start":{"line":366,"column":8},"end":{"line":368,"column":9}},{"start":{},"end":{}}],"line":366},"22":{"loc":{"start":{"line":385,"column":23},"end":{"line":385,"column":42}},"type":"binary-expr","locations":[{"start":{"line":385,"column":23},"end":{"line":385,"column":36}},{"start":{"line":385,"column":40},"end":{"line":385,"column":42}}],"line":385},"23":{"loc":{"start":{"line":387,"column":34},"end":{"line":387,"column":48}},"type":"binary-expr","locations":[{"start":{"line":387,"column":34},"end":{"line":387,"column":42}},{"start":{"line":387,"column":46},"end":{"line":387,"column":48}}],"line":387},"24":{"loc":{"start":{"line":388,"column":12},"end":{"line":390,"column":13}},"type":"if","locations":[{"start":{"line":388,"column":12},"end":{"line":390,"column":13}},{"start":{},"end":{}}],"line":388},"25":{"loc":{"start":{"line":392,"column":29},"end":{"line":392,"column":74}},"type":"cond-expr","locations":[{"start":{"line":392,"column":58},"end":{"line":392,"column":69}},{"start":{"line":392,"column":72},"end":{"line":392,"column":74}}],"line":392},"26":{"loc":{"start":{"line":394,"column":33},"end":{"line":394,"column":47}},"type":"binary-expr","locations":[{"start":{"line":394,"column":33},"end":{"line":394,"column":41}},{"start":{"line":394,"column":45},"end":{"line":394,"column":47}}],"line":394},"27":{"loc":{"start":{"line":396,"column":16},"end":{"line":403,"column":17}},"type":"if","locations":[{"start":{"line":396,"column":16},"end":{"line":403,"column":17}},{"start":{},"end":{}}],"line":396},"28":{"loc":{"start":{"line":404,"column":29},"end":{"line":404,"column":76}},"type":"cond-expr","locations":[{"start":{"line":404,"column":59},"end":{"line":404,"column":71}},{"start":{"line":404,"column":74},"end":{"line":404,"column":76}}],"line":404},"29":{"loc":{"start":{"line":406,"column":37},"end":{"line":406,"column":51}},"type":"binary-expr","locations":[{"start":{"line":406,"column":37},"end":{"line":406,"column":45}},{"start":{"line":406,"column":49},"end":{"line":406,"column":51}}],"line":406},"30":{"loc":{"start":{"line":407,"column":20},"end":{"line":416,"column":21}},"type":"if","locations":[{"start":{"line":407,"column":20},"end":{"line":416,"column":21}},{"start":{},"end":{}}],"line":407},"31":{"loc":{"start":{"line":430,"column":12},"end":{"line":430,"column":36}},"type":"if","locations":[{"start":{"line":430,"column":12},"end":{"line":430,"column":36}},{"start":{},"end":{}}],"line":430},"32":{"loc":{"start":{"line":432,"column":12},"end":{"line":432,"column":57}},"type":"if","locations":[{"start":{"line":432,"column":12},"end":{"line":432,"column":57}},{"start":{},"end":{}}],"line":432},"33":{"loc":{"start":{"line":435,"column":27},"end":{"line":435,"column":47}},"type":"cond-expr","locations":[{"start":{"line":435,"column":39},"end":{"line":435,"column":42}},{"start":{"line":435,"column":45},"end":{"line":435,"column":47}}],"line":435},"34":{"loc":{"start":{"line":436,"column":27},"end":{"line":436,"column":58}},"type":"cond-expr","locations":[{"start":{"line":436,"column":50},"end":{"line":436,"column":53}},{"start":{"line":436,"column":56},"end":{"line":436,"column":58}}],"line":436},"35":{"loc":{"start":{"line":445,"column":37},"end":{"line":445,"column":52}},"type":"binary-expr","locations":[{"start":{"line":445,"column":37},"end":{"line":445,"column":46}},{"start":{"line":445,"column":50},"end":{"line":445,"column":52}}],"line":445},"36":{"loc":{"start":{"line":480,"column":8},"end":{"line":482,"column":9}},"type":"if","locations":[{"start":{"line":480,"column":8},"end":{"line":482,"column":9}},{"start":{},"end":{}}],"line":480},"37":{"loc":{"start":{"line":490,"column":32},"end":{"line":490,"column":72}},"type":"cond-expr","locations":[{"start":{"line":490,"column":51},"end":{"line":490,"column":59}},{"start":{"line":490,"column":62},"end":{"line":490,"column":72}}],"line":490}},"s":{"0":14,"1":9,"2":9,"3":9,"4":9,"5":9,"6":8,"7":8,"8":8,"9":1,"10":1,"11":7,"12":7,"13":7,"14":7,"15":7,"16":7,"17":7,"18":7,"19":7,"20":1,"21":1,"22":6,"23":6,"24":5,"25":5,"26":5,"27":4,"28":4,"29":4,"30":1,"31":3,"32":3,"33":2,"34":2,"35":2,"36":2,"37":4,"38":4,"39":14,"40":9,"41":9,"42":9,"43":1,"44":1,"45":8,"46":8,"47":1,"48":7,"49":6,"50":5,"51":5,"52":5,"53":1,"54":4,"55":4,"56":4,"57":3,"58":3,"59":3,"60":14,"61":4,"62":4,"63":4,"64":4,"65":3,"66":1,"67":14,"68":5,"69":5,"70":5,"71":2,"72":3,"73":14,"74":7,"75":7,"76":7,"77":7,"78":6,"79":1,"80":5,"81":4,"82":1,"83":5,"84":14,"85":5,"86":5,"87":5,"88":3,"89":1,"90":2,"91":3,"92":14,"93":2,"94":2,"95":2,"96":2,"97":1,"98":1,"99":1,"100":1,"101":1,"102":1,"103":14,"104":6,"105":6,"106":6,"107":6,"108":5,"109":1,"110":1,"111":14,"112":8,"113":8,"114":8,"115":1,"116":7,"117":6,"118":1,"119":5,"120":4,"121":4,"122":4,"123":4,"124":4,"125":1,"126":3,"127":1,"128":2,"129":2,"130":2,"131":2,"132":1,"133":1,"134":1,"135":1,"136":3,"137":3,"138":14,"139":7,"140":7,"141":7,"142":6,"143":5,"144":4,"145":1,"146":3,"147":3,"148":1,"149":2,"150":2,"151":2,"152":2,"153":2,"154":2,"155":3,"156":3,"157":14,"158":7,"159":7,"160":7,"161":6,"162":6,"163":3,"164":4,"165":2,"166":3,"167":3,"168":4,"169":14,"170":7,"171":7,"172":7,"173":6,"174":6,"175":3,"176":3,"177":2,"178":5,"179":14,"180":18,"181":18,"182":18,"183":18,"184":18,"185":2,"186":16,"187":16,"188":16,"189":15,"190":15,"191":15,"192":9,"193":9,"194":9,"195":9,"196":7,"197":9,"198":9,"199":5,"200":5,"201":5,"202":1,"203":5,"204":5,"205":4,"206":4,"207":1,"208":15,"209":15,"210":5,"211":1,"212":4,"213":4,"214":1,"215":3,"216":3,"217":3,"218":3,"219":3,"220":15,"221":5,"222":15,"223":60,"224":15,"225":1,"226":1,"227":14,"228":5,"229":5,"230":5,"231":5,"232":4,"233":1,"234":3,"235":3,"236":2,"237":2},"f":{"0":9,"1":9,"2":4,"3":5,"4":7,"5":5,"6":2,"7":1,"8":6,"9":8,"10":4,"11":7,"12":7,"13":7,"14":18,"15":5,"16":60,"17":5},"b":{"0":[1,7],"1":[1,3],"2":[2],"3":[1,8],"4":[9,8],"5":[1,7],"6":[4,1],"7":[1,5],"8":[1,2],"9":[1,7],"10":[8,7,7],"11":[1,5],"12":[1,3],"13":[1,2],"14":[1,3],"15":[1,2],"16":[2,2],"17":[3,1],"18":[18,1],"19":[18,2],"20":[18,2],"21":[2,16],"22":[9,1],"23":[9,1],"24":[7,2],"25":[7,2],"26":[5,1],"27":[1,4],"28":[3,2],"29":[4,1],"30":[1,3],"31":[1,4],"32":[1,3],"33":[1,2],"34":[1,2],"35":[5,1],"36":[1,3],"37":[1,1]},"_coverageSchema":"1a1c01bbd47fc00a2c39e90264f33305004495a9","hash":"5e189b65335bdc839df63972be2a0ca090e26022"}
,"C:\\Users\\AYUSH MITTAL\\Downloads\\IT314_Project-main_off1\\IT314_Project-main\\IT314_Project-main\\IT314_Project-main\\Backend\\controllers\\S3Controller.js": {"path":"C:\\Users\\AYUSH MITTAL\\Downloads\\IT314_Project-main_off1\\IT314_Project-main\\IT314_Project-main\\IT314_Project-main\\Backend\\controllers\\S3Controller.js","statementMap":{"0":{"start":{"line":13,"column":11},"end":{"line":20,"column":2}},"1":{"start":{"line":21,"column":15},"end":{"line":21,"column":41}},"2":{"start":{"line":23,"column":23},"end":{"line":29,"column":4}},"3":{"start":{"line":24,"column":2},"end":{"line":29,"column":4}},"4":{"start":{"line":25,"column":19},"end":{"line":25,"column":21}},"5":{"start":{"line":26,"column":4},"end":{"line":26,"column":53}},"6":{"start":{"line":26,"column":33},"end":{"line":26,"column":51}},"7":{"start":{"line":27,"column":4},"end":{"line":27,"column":31}},"8":{"start":{"line":28,"column":4},"end":{"line":28,"column":77}},"9":{"start":{"line":28,"column":27},"end":{"line":28,"column":75}},"10":{"start":{"line":31,"column":32},"end":{"line":31,"column":46}},"11":{"start":{"line":34,"column":33},"end":{"line":43,"column":1}},"12":{"start":{"line":35,"column":16},"end":{"line":35,"column":41}},"13":{"start":{"line":36,"column":4},"end":{"line":42,"column":5}},"14":{"start":{"line":37,"column":19},"end":{"line":37,"column":39}},"15":{"start":{"line":38,"column":19},"end":{"line":38,"column":35}},"16":{"start":{"line":39,"column":21},"end":{"line":39,"column":35}},"17":{"start":{"line":40,"column":20},"end":{"line":40,"column":33}},"18":{"start":{"line":41,"column":17},"end":{"line":41,"column":36}},"19":{"start":{"line":44,"column":42},"end":{"line":44,"column":66}},"20":{"start":{"line":47,"column":32},"end":{"line":98,"column":1}},"21":{"start":{"line":48,"column":2},"end":{"line":97,"column":3}},"22":{"start":{"line":49,"column":20},"end":{"line":49,"column":28}},"23":{"start":{"line":50,"column":4},"end":{"line":52,"column":5}},"24":{"start":{"line":51,"column":6},"end":{"line":51,"column":99}},"25":{"start":{"line":54,"column":21},"end":{"line":54,"column":93}},"26":{"start":{"line":56,"column":4},"end":{"line":68,"column":5}},"27":{"start":{"line":67,"column":6},"end":{"line":67,"column":89}},"28":{"start":{"line":70,"column":29},"end":{"line":89,"column":6}},"29":{"start":{"line":71,"column":6},"end":{"line":71,"column":32}},"30":{"start":{"line":71,"column":20},"end":{"line":71,"column":32}},"31":{"start":{"line":73,"column":22},"end":{"line":73,"column":91}},"32":{"start":{"line":74,"column":22},"end":{"line":74,"column":56}},"33":{"start":{"line":75,"column":23},"end":{"line":75,"column":47}},"34":{"start":{"line":78,"column":6},"end":{"line":78,"column":33}},"35":{"start":{"line":78,"column":21},"end":{"line":78,"column":33}},"36":{"start":{"line":80,"column":6},"end":{"line":88,"column":8}},"37":{"start":{"line":91,"column":18},"end":{"line":91,"column":71}},"38":{"start":{"line":92,"column":4},"end":{"line":92,"column":149}},"39":{"start":{"line":95,"column":4},"end":{"line":95,"column":55}},"40":{"start":{"line":96,"column":4},"end":{"line":96,"column":110}},"41":{"start":{"line":100,"column":24},"end":{"line":141,"column":1}},"42":{"start":{"line":101,"column":2},"end":{"line":140,"column":3}},"43":{"start":{"line":102,"column":39},"end":{"line":102,"column":56}},"44":{"start":{"line":105,"column":4},"end":{"line":107,"column":5}},"45":{"start":{"line":106,"column":6},"end":{"line":106,"column":106}},"46":{"start":{"line":109,"column":4},"end":{"line":115,"column":20}},"47":{"start":{"line":110,"column":6},"end":{"line":110,"column":89}},"48":{"start":{"line":111,"column":6},"end":{"line":114,"column":9}},"49":{"start":{"line":119,"column":4},"end":{"line":124,"column":8}},"50":{"start":{"line":126,"column":17},"end":{"line":134,"column":5}},"51":{"start":{"line":136,"column":4},"end":{"line":136,"column":87}},"52":{"start":{"line":138,"column":4},"end":{"line":138,"column":47}},"53":{"start":{"line":139,"column":4},"end":{"line":139,"column":82}},"54":{"start":{"line":143,"column":28},"end":{"line":160,"column":1}},"55":{"start":{"line":144,"column":2},"end":{"line":159,"column":3}},"56":{"start":{"line":145,"column":30},"end":{"line":145,"column":38}},"57":{"start":{"line":146,"column":4},"end":{"line":148,"column":5}},"58":{"start":{"line":147,"column":6},"end":{"line":147,"column":96}},"59":{"start":{"line":150,"column":4},"end":{"line":153,"column":8}},"60":{"start":{"line":155,"column":4},"end":{"line":155,"column":77}},"61":{"start":{"line":157,"column":4},"end":{"line":157,"column":49}},"62":{"start":{"line":158,"column":4},"end":{"line":158,"column":84}},"63":{"start":{"line":193,"column":30},"end":{"line":229,"column":1}},"64":{"start":{"line":194,"column":2},"end":{"line":228,"column":3}},"65":{"start":{"line":195,"column":30},"end":{"line":195,"column":38}},"66":{"start":{"line":196,"column":19},"end":{"line":196,"column":59}},"67":{"start":{"line":197,"column":4},"end":{"line":197,"column":44}},"68":{"start":{"line":199,"column":26},"end":{"line":202,"column":7}},"69":{"start":{"line":204,"column":4},"end":{"line":210,"column":5}},"70":{"start":{"line":205,"column":6},"end":{"line":208,"column":10}},"71":{"start":{"line":209,"column":6},"end":{"line":209,"column":91}},"72":{"start":{"line":212,"column":4},"end":{"line":217,"column":8}},"73":{"start":{"line":215,"column":52},"end":{"line":215,"column":68}},"74":{"start":{"line":219,"column":4},"end":{"line":222,"column":8}},"75":{"start":{"line":224,"column":4},"end":{"line":224,"column":79}},"76":{"start":{"line":226,"column":4},"end":{"line":226,"column":51}},"77":{"start":{"line":227,"column":4},"end":{"line":227,"column":86}},"78":{"start":{"line":232,"column":28},"end":{"line":260,"column":1}},"79":{"start":{"line":233,"column":2},"end":{"line":259,"column":3}},"80":{"start":{"line":234,"column":46},"end":{"line":234,"column":63}},"81":{"start":{"line":235,"column":4},"end":{"line":237,"column":5}},"82":{"start":{"line":236,"column":6},"end":{"line":236,"column":113}},"83":{"start":{"line":239,"column":22},"end":{"line":239,"column":44}},"84":{"start":{"line":240,"column":20},"end":{"line":240,"column":42}},"85":{"start":{"line":243,"column":4},"end":{"line":247,"column":8}},"86":{"start":{"line":250,"column":4},"end":{"line":253,"column":8}},"87":{"start":{"line":255,"column":4},"end":{"line":255,"column":77}},"88":{"start":{"line":257,"column":4},"end":{"line":257,"column":49}},"89":{"start":{"line":258,"column":4},"end":{"line":258,"column":84}},"90":{"start":{"line":262,"column":30},"end":{"line":299,"column":1}},"91":{"start":{"line":263,"column":2},"end":{"line":298,"column":3}},"92":{"start":{"line":264,"column":46},"end":{"line":264,"column":63}},"93":{"start":{"line":265,"column":19},"end":{"line":265,"column":41}},"94":{"start":{"line":266,"column":4},"end":{"line":266,"column":78}},"95":{"start":{"line":268,"column":26},"end":{"line":271,"column":7}},"96":{"start":{"line":273,"column":4},"end":{"line":275,"column":5}},"97":{"start":{"line":274,"column":6},"end":{"line":274,"column":95}},"98":{"start":{"line":277,"column":4},"end":{"line":285,"column":5}},"99":{"start":{"line":278,"column":21},"end":{"line":278,"column":28}},"100":{"start":{"line":279,"column":21},"end":{"line":279,"column":67}},"101":{"start":{"line":280,"column":6},"end":{"line":284,"column":10}},"102":{"start":{"line":287,"column":4},"end":{"line":292,"column":8}},"103":{"start":{"line":290,"column":52},"end":{"line":290,"column":68}},"104":{"start":{"line":294,"column":4},"end":{"line":294,"column":91}},"105":{"start":{"line":296,"column":4},"end":{"line":296,"column":51}},"106":{"start":{"line":297,"column":4},"end":{"line":297,"column":86}},"107":{"start":{"line":303,"column":26},"end":{"line":348,"column":1}},"108":{"start":{"line":304,"column":2},"end":{"line":347,"column":3}},"109":{"start":{"line":305,"column":39},"end":{"line":305,"column":47}},"110":{"start":{"line":307,"column":4},"end":{"line":309,"column":5}},"111":{"start":{"line":308,"column":6},"end":{"line":308,"column":106}},"112":{"start":{"line":311,"column":18},"end":{"line":311,"column":37}},"113":{"start":{"line":313,"column":4},"end":{"line":323,"column":5}},"114":{"start":{"line":314,"column":6},"end":{"line":314,"column":75}},"115":{"start":{"line":316,"column":6},"end":{"line":321,"column":7}},"116":{"start":{"line":317,"column":8},"end":{"line":320,"column":11}},"117":{"start":{"line":322,"column":6},"end":{"line":322,"column":16}},"118":{"start":{"line":325,"column":4},"end":{"line":330,"column":8}},"119":{"start":{"line":332,"column":17},"end":{"line":340,"column":5}},"120":{"start":{"line":342,"column":4},"end":{"line":342,"column":89}},"121":{"start":{"line":345,"column":4},"end":{"line":345,"column":49}},"122":{"start":{"line":346,"column":4},"end":{"line":346,"column":84}}},"fnMap":{"0":{"name":"(anonymous_0)","decl":{"start":{"line":23,"column":23},"end":{"line":23,"column":24}},"loc":{"start":{"line":24,"column":2},"end":{"line":29,"column":4}},"line":24},"1":{"name":"(anonymous_1)","decl":{"start":{"line":24,"column":14},"end":{"line":24,"column":15}},"loc":{"start":{"line":24,"column":35},"end":{"line":29,"column":3}},"line":24},"2":{"name":"(anonymous_2)","decl":{"start":{"line":26,"column":22},"end":{"line":26,"column":23}},"loc":{"start":{"line":26,"column":33},"end":{"line":26,"column":51}},"line":26},"3":{"name":"(anonymous_3)","decl":{"start":{"line":28,"column":21},"end":{"line":28,"column":22}},"loc":{"start":{"line":28,"column":27},"end":{"line":28,"column":75}},"line":28},"4":{"name":"(anonymous_4)","decl":{"start":{"line":34,"column":33},"end":{"line":34,"column":34}},"loc":{"start":{"line":34,"column":47},"end":{"line":43,"column":1}},"line":34},"5":{"name":"(anonymous_5)","decl":{"start":{"line":47,"column":32},"end":{"line":47,"column":33}},"loc":{"start":{"line":47,"column":52},"end":{"line":98,"column":1}},"line":47},"6":{"name":"(anonymous_6)","decl":{"start":{"line":70,"column":51},"end":{"line":70,"column":52}},"loc":{"start":{"line":70,"column":66},"end":{"line":89,"column":5}},"line":70},"7":{"name":"(anonymous_7)","decl":{"start":{"line":100,"column":24},"end":{"line":100,"column":25}},"loc":{"start":{"line":100,"column":44},"end":{"line":141,"column":1}},"line":100},"8":{"name":"(anonymous_8)","decl":{"start":{"line":143,"column":28},"end":{"line":143,"column":29}},"loc":{"start":{"line":143,"column":48},"end":{"line":160,"column":1}},"line":143},"9":{"name":"(anonymous_9)","decl":{"start":{"line":193,"column":30},"end":{"line":193,"column":31}},"loc":{"start":{"line":193,"column":50},"end":{"line":229,"column":1}},"line":193},"10":{"name":"(anonymous_10)","decl":{"start":{"line":215,"column":44},"end":{"line":215,"column":45}},"loc":{"start":{"line":215,"column":52},"end":{"line":215,"column":68}},"line":215},"11":{"name":"(anonymous_11)","decl":{"start":{"line":232,"column":28},"end":{"line":232,"column":29}},"loc":{"start":{"line":232,"column":48},"end":{"line":260,"column":1}},"line":232},"12":{"name":"(anonymous_12)","decl":{"start":{"line":262,"column":30},"end":{"line":262,"column":31}},"loc":{"start":{"line":262,"column":50},"end":{"line":299,"column":1}},"line":262},"13":{"name":"(anonymous_13)","decl":{"start":{"line":290,"column":44},"end":{"line":290,"column":45}},"loc":{"start":{"line":290,"column":52},"end":{"line":290,"column":68}},"line":290},"14":{"name":"(anonymous_14)","decl":{"start":{"line":303,"column":26},"end":{"line":303,"column":27}},"loc":{"start":{"line":303,"column":46},"end":{"line":348,"column":1}},"line":303}},"branchMap":{"0":{"loc":{"start":{"line":36,"column":4},"end":{"line":42,"column":5}},"type":"switch","locations":[{"start":{"line":37,"column":8},"end":{"line":37,"column":39}},{"start":{"line":38,"column":8},"end":{"line":38,"column":35}},{"start":{"line":39,"column":8},"end":{"line":39,"column":35}},{"start":{"line":40,"column":8},"end":{"line":40,"column":33}},{"start":{"line":41,"column":8},"end":{"line":41,"column":36}}],"line":36},"1":{"loc":{"start":{"line":50,"column":4},"end":{"line":52,"column":5}},"type":"if","locations":[{"start":{"line":50,"column":4},"end":{"line":52,"column":5}},{"start":{},"end":{}}],"line":50},"2":{"loc":{"start":{"line":56,"column":4},"end":{"line":68,"column":5}},"type":"if","locations":[{"start":{"line":56,"column":4},"end":{"line":68,"column":5}},{"start":{},"end":{}}],"line":56},"3":{"loc":{"start":{"line":56,"column":8},"end":{"line":56,"column":60}},"type":"binary-expr","locations":[{"start":{"line":56,"column":8},"end":{"line":56,"column":26}},{"start":{"line":56,"column":30},"end":{"line":56,"column":60}}],"line":56},"4":{"loc":{"start":{"line":71,"column":6},"end":{"line":71,"column":32}},"type":"if","locations":[{"start":{"line":71,"column":6},"end":{"line":71,"column":
[...]
,"C:\\Users\\AYUSH MITTAL\\Downloads\\IT314_Project-main_off1\\IT314_Project-main\\IT314_Project-main\\IT314_Project-main\\Backend\\utils\\mapping.js": {"path":"C:\\Users\\AYUSH MITTAL\\Downloads\\IT314_Project-main_off1\\IT314_Project-main\\IT314_Project-main\\IT314_Project-main\\Backend\\utils\\mapping.js","statementMap":{"0":{"start":{"line":1,"column":23},"end":{"line":22,"column":5}}},"fnMap":{},"branchMap":{},"s":{"0":12},"f":{},"b":{},"_coverageSchema":"1a1c01bbd47fc00a2c39e90264f33305004495a9","hash":"67ef0e736680d8f43062df1c0e333b505b877495"}
,"C:\\Users\\AYUSH MITTAL\\Downloads\\IT314_Project-main_off1\\IT314_Project-main\\IT314_Project-main\\IT314_Project-main\\Backend\\utils\\prompt.js": {"path":"C:\\Users\\AYUSH MITTAL\\Downloads\\IT314_Project-main_off1\\IT314_Project-main\\IT314_Project-main\\IT314_Project-main\\Backend\\utils\\prompt.js","statementMap":{"0":{"start":{"line":1,"column":32},"end":{"line":49,"column":1}},"1":{"start":{"line":2,"column":2},"end":{"line":48,"column":2}},"2":{"start":{"line":51,"column":26},"end":{"line":103,"column":1}},"3":{"start":{"line":53,"column":21},"end":{"line":53,"column":56}},"4":{"start":{"line":55,"column":4},"end":{"line":77,"column":5}},"5":{"start":{"line":57,"column":24},"end":{"line":57,"column":64}},"6":{"start":{"line":57,"column":44},"end":{"line":57,"column":63}},"7":{"start":{"line":58,"column":8},"end":{"line":58,"column":59}},"8":{"start":{"line":58,"column":22},"end":{"line":58,"column":59}},"9":{"start":{"line":60,"column":25},"end":{"line":60,"column":75}},"10":{"start":{"line":60,"column":54},"end":{"line":60,"column":74}},"11":{"start":{"line":61,"column":8},"end":{"line":61,"column":61}},"12":{"start":{"line":61,"column":23},"end":{"line":61,"column":61}},"13":{"start":{"line":63,"column":8},"end":{"line":76,"column":8}},"14":{"start":{"line":80,"column":20},"end":{"line":80,"column":60}},"15":{"start":{"line":80,"column":40},"end":{"line":80,"column":59}},"16":{"start":{"line":81,"column":4},"end":{"line":81,"column":55}},"17":{"start":{"line":81,"column":18},"end":{"line":81,"column":55}},"18":{"start":{"line":83,"column":22},"end":{"line":83,"column":45}},"19":{"start":{"line":85,"column":4},"end":{"line":102,"column":4}},"20":{"start":{"line":94,"column":30},"end":{"line":94,"column":70}},"21":{"start":{"line":106,"column":40},"end":{"line":132,"column":1}},"22":{"start":{"line":108,"column":2},"end":{"line":131,"column":24}},"23":{"start":{"line":134,"column":32},"end":{"line":160,"column":1}},"24":{"start":{"line":135,"column":2},"end":{"line":159,"column":2}},"25":{"start":{"line":162,"column":30},"end":{"line":183,"column":1}},"26":{"start":{"line":163,"column":2},"end":{"line":182,"column":5}},"27":{"start":{"line":186,"column":33},"end":{"line":203,"column":1}},"28":{"start":{"line":187,"column":2},"end":{"line":202,"column":90}},"29":{"start":{"line":206,"column":35},"end":{"line":216,"column":1}},"30":{"start":{"line":207,"column":2},"end":{"line":215,"column":4}}},"fnMap":{"0":{"name":"(anonymous_0)","decl":{"start":{"line":1,"column":32},"end":{"line":1,"column":33}},"loc":{"start":{"line":1,"column":43},"end":{"line":49,"column":1}},"line":1},"1":{"name":"(anonymous_1)","decl":{"start":{"line":51,"column":26},"end":{"line":51,"column":27}},"loc":{"start":{"line":51,"column":62},"end":{"line":103,"column":1}},"line":51},"2":{"name":"(anonymous_2)","decl":{"start":{"line":57,"column":38},"end":{"line":57,"column":39}},"loc":{"start":{"line":57,"column":44},"end":{"line":57,"column":63}},"line":57},"3":{"name":"(anonymous_3)","decl":{"start":{"line":60,"column":48},"end":{"line":60,"column":49}},"loc":{"start":{"line":60,"column":54},"end":{"line":60,"column":74}},"line":60},"4":{"name":"(anonymous_4)","decl":{"start":{"line":80,"column":34},"end":{"line":80,"column":35}},"loc":{"start":{"line":80,"column":40},"end":{"line":80,"column":59}},"line":80},"5":{"name":"(anonymous_5)","decl":{"start":{"line":94,"column":20},"end":{"line":94,"column":21}},"loc":{"start":{"line":94,"column":30},"end":{"line":94,"column":70}},"line":94},"6":{"name":"(anonymous_6)","decl":{"start":{"line":106,"column":40},"end":{"line":106,"column":41}},"loc":{"start":{"line":106,"column":99},"end":{"line":132,"column":1}},"line":106},"7":{"name":"(anonymous_7)","decl":{"start":{"line":134,"column":32},"end":{"line":134,"column":33}},"loc":{"start":{"line":134,"column":42},"end":{"line":160,"column":1}},"line":134},"8":{"name":"(anonymous_8)","decl":{"start":{"line":162,"column":30},"end":{"line":162,"column":31}},"loc":{"start":{"line":162,"column":51},"end":{"line":183,"column":1}},"line":162},"9":{"name":"(anonymous_9)","decl":{"start":{"line":186,"column":33},"end":{"line":186,"column":34}},"loc":{"start":{"line":186,"column":59},"end":{"line":203,"column":1}},"line":186},"10":{"name":"(anonymous_10)","decl":{"start":{"line":206,"column":35},"end":{"line":206,"column":36}},"loc":{"start":{"line":206,"column":46},"end":{"line":216,"column":1}},"line":206}},"branchMap":{"0":{"loc":{"start":{"line":53,"column":21},"end":{"line":53,"column":56}},"type":"binary-expr","locations":[{"start":{"line":53,"column":21},"end":{"line":53,"column":50}},{"start":{"line":53,"column":54},"end":{"line":53,"column":56}}],"line":53},"1":{"loc":{"start":{"line":55,"column":4},"end":{"line":77,"column":5}},"type":"if","locations":[{"start":{"line":55,"column":4},"end":{"line":77,"column":5}},{"start":{},"end":{}}],"line":55},"2":{"loc":{"start":{"line":58,"column":8},"end":{"line":58,"column":59}},"type":"if","locations":[{"start":{"line":58,"column":8},"end":{"line":58,"column":59}},{"start":{},"end":{}}],"line":58},"3":{"loc":{"start":{"line":61,"column":8},"end":{"line":61,"column":61}},"type":"if","locations":[{"start":{"line":61,"column":8},"end":{"line":61,"column":61}},{"start":{},"end":{}}],"line":61},"4":{"loc":{"start":{"line":81,"column":4},"end":{"line":81,"column":55}},"type":"if","locations":[{"start":{"line":81,"column":4},"end":{"line":81,"column":55}},{"start":{},"end":{}}],"line":81},"5":{"loc":{"start":{"line":83,"column":22},"end":{"line":83,"column":45}},"type":"binary-expr","locations":[{"start":{"line":83,"column":22},"end":{"line":83,"column":39}},{"start":{"line":83,"column":43},"end":{"line":83,"column":45}}],"line":83}},"s":{"0":23,"1":1,"2":23,"3":7,"4":7,"5":3,"6":2,"7":3,"8":1,"9":2,"10":1,"11":2,"12":1,"13":1,"14":4,"15":2,"16":4,"17":2,"18":2,"19":2,"20":2,"21":23,"22":1,"23":23,"24":1,"25":23,"26":1,"27":23,"28":1,"29":23,"30":1},"f":{"0":1,"1":7,"2":2,"3":1,"4":2,"5":2,"6":1,"7":1,"8":1,"9":1,"10":1},"b":{"0":[7,1],"1":[3,4],"2":[1,2],"3":[1,1],"4":[2,2],"5":[2,1]},"_coverageSchema":"1a1c01bbd47fc00a2c39e90264f33305004495a9","hash":"fb6611bc119c0937dde54becb6a70e89f2521799"}
,"C:\\Users\\AYUSH MITTAL\\Downloads\\IT314_Project-main_off1\\IT314_Project-main\\IT314_Project-main\\IT314_Project-main\\Backend\\utils\\schemaHelpers.js": {"path":"C:\\Users\\AYUSH MITTAL\\Downloads\\IT314_Project-main_off1\\IT314_Project-main\\IT314_Project-main\\IT314_Project-main\\Backend\\utils\\schemaHelpers.js","statementMap":{"0":{"start":{"line":3,"column":4},"end":{"line":36,"column":6}}},"fnMap":{"0":{"name":"buildRoadmapSchema","decl":{"start":{"line":2,"column":16},"end":{"line":2,"column":34}},"loc":{"start":{"line":2,"column":37},"end":{"line":37,"column":1}},"line":2}},"branchMap":{},"s":{"0":5},"f":{"0":5},"b":{},"_coverageSchema":"1a1c01bbd47fc00a2c39e90264f33305004495a9","hash":"1ecab526d700a72f97e3059981f78e6ddd2cdbc0"}
,"C:\\Users\\AYUSH MITTAL\\Downloads\\IT314_Project-main_off1\\IT314_Project-main\\IT314_Project-main\\IT314_Project-main\\Backend\\utils\\search.js": {"path":"C:\\Users\\AYUSH MITTAL\\Downloads\\IT314_Project-main_off1\\IT314_Project-main\\IT314_Project-main\\IT314_Project-main\\Backend\\utils\\search.js","statementMap":{"0":{"start":{"line":3,"column":16},"end":{"line":3,"column":45}},"1":{"start":{"line":4,"column":11},"end":{"line":4,"column":39}},"2":{"start":{"line":5,"column":21},"end":{"line":5,"column":65}},"3":{"start":{"line":7,"column":23},"end":{"line":7,"column":49}},"4":{"start":{"line":8,"column":19},"end":{"line":8,"column":53}},"5":{"start":{"line":39,"column":31},"end":{"line":86,"column":1}},"6":{"start":{"line":40,"column":16},"end":{"line":40,"column":48}},"7":{"start":{"line":41,"column":16},"end":{"line":41,"column":54}},"8":{"start":{"line":43,"column":21},"end":{"line":45,"column":8}},"9":{"start":{"line":44,"column":24},"end":{"line":44,"column":38}},"10":{"start":{"line":47,"column":20},"end":{"line":47,"column":65}},"11":{"start":{"line":49,"column":2},"end":{"line":85,"column":3}},"12":{"start":{"line":50,"column":21},"end":{"line":60,"column":5}},"13":{"start":{"line":61,"column":20},"end":{"line":61,"column":38}},"14":{"start":{"line":63,"column":22},"end":{"line":63,"column":24}},"15":{"start":{"line":64,"column":26},"end":{"line":64,"column":28}},"16":{"start":{"line":66,"column":4},"end":{"line":79,"column":5}},"17":{"start":{"line":67,"column":6},"end":{"line":78,"column":7}},"18":{"start":{"line":69,"column":23},"end":{"line":69,"column":67}},"19":{"start":{"line":70,"column":8},"end":{"line":70,"column":46}},"20":{"start":{"line":70,"column":37},"end":{"line":70,"column":46}},"21":{"start":{"line":72,"column":8},"end":{"line":72,"column":57}},"22":{"start":{"line":73,"column":8},"end":{"line":75,"column":9}},"23":{"start":{"line":74,"column":10},"end":{"line":74,"column":37}},"24":{"start":{"line":77,"column":8},"end":{"line":77,"column":17}},"25":{"start":{"line":81,"column":4},"end":{"line":81,"column":25}},"26":{"start":{"line":83,"column":4},"end":{"line":83,"column":54}},"27":{"start":{"line":84,"column":4},"end":{"line":84,"column":14}},"28":{"start":{"line":103,"column":22},"end":{"line":118,"column":1}},"29":{"start":{"line":104,"column":16},"end":{"line":104,"column":75}},"30":{"start":{"line":105,"column":19},"end":{"line":115,"column":3}},"31":{"start":{"line":116,"column":18},"end":{"line":116,"column":36}},"32":{"start":{"line":117,"column":2},"end":{"line":117,"column":44}},"33":{"start":{"line":117,"column":31},"end":{"line":117,"column":42}},"34":{"start":{"line":121,"column":27},"end":{"line":139,"column":1}},"35":{"start":{"line":122,"column":20},"end":{"line":122,"column":37}},"36":{"start":{"line":123,"column":19},"end":{"line":123,"column":21}},"37":{"start":{"line":125,"column":2},"end":{"line":136,"column":3}},"38":{"start":{"line":126,"column":4},"end":{"line":135,"column":5}},"39":{"start":{"line":127,"column":6},"end":{"line":127,"column":62}},"40":{"start":{"line":127,"column":35},"end":{"line":127,"column":60}},"41":{"start":{"line":128,"column":6},"end":{"line":134,"column":8}},"42":{"start":{"line":129,"column":67},"end":{"line":133,"column":9}},"43":{"start":{"line":138,"column":2},"end":{"line":138,"column":31}},"44":{"start":{"line":142,"column":25},"end":{"line":160,"column":1}},"45":{"start":{"line":143,"column":20},"end":{"line":143,"column":37}},"46":{"start":{"line":144,"column":19},"end":{"line":144,"column":21}},"47":{"start":{"line":146,"column":2},"end":{"line":157,"column":3}},"48":{"start":{"line":147,"column":4},"end":{"line":156,"column":5}},"49":{"start":{"line":148,"column":6},"end":{"line":148,"column":62}},"50":{"start":{"line":148,"column":35},"end":{"line":148,"column":60}},"51":{"start":{"line":149,"column":6},"end":{"line":155,"column":8}},"52":{"start":{"line":150,"column":63},"end":{"line":154,"column":9}},"53":{"start":{"line":159,"column":2},"end":{"line":159,"column":31}}},"fnMap":{"0":{"name":"(anonymous_0)","decl":{"start":{"line":39,"column":31},"end":{"line":39,"column":32}},"loc":{"start":{"line":39,"column":62},"end":{"line":86,"column":1}},"line":39},"1":{"name":"(anonymous_1)","decl":{"start":{"line":44,"column":16},"end":{"line":44,"column":17}},"loc":{"start":{"line":44,"column":24},"end":{"line":44,"column":38}},"line":44},"2":{"name":"(anonymous_2)","decl":{"start":{"line":103,"column":22},"end":{"line":103,"column":23}},"loc":{"start":{"line":103,"column":53},"end":{"line":118,"column":1}},"line":103},"3":{"name":"(anonymous_3)","decl":{"start":{"line":117,"column":21},"end":{"line":117,"column":22}},"loc":{"start":{"line":117,"column":31},"end":{"line":117,"column":42}},"line":117},"4":{"name":"(anonymous_4)","decl":{"start":{"line":121,"column":27},"end":{"line":121,"column":28}},"loc":{"start":{"line":121,"column":50},"end":{"line":139,"column":1}},"line":121},"5":{"name":"(anonymous_5)","decl":{"start":{"line":127,"column":24},"end":{"line":127,"column":25}},"loc":{"start":{"line":127,"column":35},"end":{"line":127,"column":60}},"line":127},"6":{"name":"(anonymous_6)","decl":{"start":{"line":129,"column":50},"end":{"line":129,"column":51}},"loc":{"start":{"line":129,"column":67},"end":{"line":133,"column":9}},"line":129},"7":{"name":"(anonymous_7)","decl":{"start":{"line":142,"column":25},"end":{"line":142,"column":26}},"loc":{"start":{"line":142,"column":48},"end":{"line":160,"column":1}},"line":142},"8":{"name":"(anonymous_8)","decl":{"start":{"line":148,"column":24},"end":{"line":148,"column":25}},"loc":{"start":{"line":148,"column":35},"end":{"line":148,"column":60}},"line":148},"9":{"name":"(anonymous_9)","decl":{"start":{"line":150,"column":48},"end":{"line":150,"column":49}},"loc":{"start":{"line":150,"column":63},"end":{"line":154,"column":9}},"line":150}},"branchMap":{"0":{"loc":{"start":{"line":41,"column":16},"end":{"line":41,"column":54}},"type":"binary-expr","locations":[{"start":{"line":41,"column":16},"end":{"line":41,"column":48}},{"start":{"line":41,"column":52},"end":{"line":41,"column":54}}],"line":41},"1":{"loc":{"start":{"line":43,"column":21},"end":{"line":45,"column":8}},"type":"cond-expr","locations":[{"start":{"line":44,"column":6},"end":{"line":44,"column":52}},{"start":{"line":45,"column":6},"end":{"line":45,"column":8}}],"line":43},"2":{"loc":{"start":{"line":47,"column":20},"end":{"line":47,"column":65}},"type":"cond-expr","locations":[{"start":{"line":47,"column":33},"end":{"line":47,"column":57}},{"start":{"line":47,"column":60},"end":{"line":47,"column":65}}],"line":47},"3":{"loc":{"start":{"line":61,"column":20},"end":{"line":61,"column":38}},"type":"binary-expr","locations":[{"start":{"line":61,"column":20},"end":{"line":61,"column":32}},{"start":{"line":61,"column":36},"end":{"line":61,"column":38}}],"line":61},"4":{"loc":{"start":{"line":70,"column":8},"end":{"line":70,"column":46}},"type":"if","locations":[{"start":{"line":70,"column":8},"end":{"line":70,"column":46}},{"start":{},"end":{}}],"line":70},"5":{"loc":{"start":{"line":72,"column":29},"end":{"line":72,"column":51}},"type":"binary-expr","locations":[{"start":{"line":72,"column":29},"end":{"line":72,"column":46}},{"start":{"line":72,"column":50},"end":{"line":72,"column":51}}],"line":72},"6":{"loc":{"start":{"line":73,"column":8},"end":{"line":75,"column":9}},"type":"if","locations":[{"start":{"line":73,"column":8},"end":{"line":75,"column":9}},{"start":{},"end":{}}],"line":73},"7":{"loc":{"start":{"line":116,"column":18},"end":{"line":116,"column":36}},"type":"binary-expr","locations":[{"start":{"line":116,"column":18},"end":{"line":116,"column":30}},{"start":{"line":116,"column":34},"end":{"line":116,"column":36}}],"line":116}},"s":{"0":15,"1":15,"2":15,"3":15,"4":15,"5":15,"6":8,"7":8,"8":8,"9":7,"10":8,"11":8,"12":8,"13":7,"14":7,"15":7,"16":7,"17":12,"18":12,"19":11,"20":4,"21":7,"22":7,"23":6,"24":1,"25":7,"26":1,"27":1,"28":15,"29":4,"30":4,"31":4,"32":4,"33":4,"34":15,"35":1,"36":1,"37":1,"38":1,"39":2,"40":2,"41":2,"42":2,"43":1,"44":15,"45":3,"46":3,"47":3,"48":3,"49":4,"50":4,"51":4,"52":4,"53":3},"f":{"0":8,"1":7,"2":4,"3":4,"4":1,"5":2,"6":2,"7":3,"8":4,"9":4},"b":{"0":[8,1],"1":[7,1],"2":[7,1],"3":[7,1],"4":[4,7],"5":[7,4],"6":[6,1],"7":[4,1]},"_coverageSchema":"1a1c01bbd47fc00a2c39e90264f33305004495a9","hash":"930d939f18832cee05574aa7d4b44abcb2ba74bc"}
,"C:\\Users\\AYUSH MITTAL\\Downloads\\IT314_Project-main_off1\\IT314_Project-main\\IT314_Project-main\\IT314_Project-main\\Backend\\utils\\urlHelpers.js": {"path":"C:\\Users\\AYUSH MITTAL\\Downloads\\IT314_Project-main_off1\\IT314_Project-main\\IT314_Project-main\\IT314_Project-main\\Backend\\utils\\urlHelpers.js","statementMap":{"0":{"start":{"line":1,"column":37},"end":{"line":3,"column":1}},"1":{"start":{"line":2,"column":4},"end":{"line":2,"column":70}},"2":{"start":{"line":5,"column":37},"end":{"line":7,"column":1}},"3":{"start":{"line":6,"column":4},"end":{"line":6,"column":70}},"4":{"start":{"line":9,"column":34},"end":{"line":17,"column":1}},"5":{"start":{"line":10,"column":19},"end":{"line":15,"column":6}},"6":{"start":{"line":16,"column":4},"end":{"line":16,"column":79}},"7":{"start":{"line":19,"column":34},"end":{"line":26,"column":1}},"8":{"start":{"line":20,"column":19},"end":{"line":24,"column":6}},"9":{"start":{"line":25,"column":4},"end":{"line":25,"column":75}},"10":{"start":{"line":28,"column":38},"end":{"line":36,"column":1}},"11":{"start":{"line":29,"column":19},"end":{"line":29,"column":40}},"12":{"start":{"line":30,"column":4},"end":{"line":30,"column":32}},"13":{"start":{"line":31,"column":4},"end":{"line":31,"column":61}},"14":{"start":{"line":32,"column":4},"end":{"line":32,"column":69}},"15":{"start":{"line":33,"column":4},"end":{"line":33,"column":67}},"16":{"start":{"line":34,"column":4},"end":{"line":34,"column":54}},"17":{"start":{"line":35,"column":4},"end":{"line":35,"column":18}},"18":{"start":{"line":38,"column":38},"end":{"line":45,"column":1}},"19":{"start":{"line":39,"column":19},"end":{"line":39,"column":40}},"20":{"start":{"line":40,"column":4},"end":{"line":40,"column":32}},"21":{"start":{"line":41,"column":4},"end":{"line":41,"column":61}},"22":{"start":{"line":42,"column":4},"end":{"line":42,"column":69}},"23":{"start":{"line":43,"column":4},"end":{"line":43,"column":67}},"24":{"start":{"line":44,"column":4},"end":{"line":44,"column":29}},"25":{"start":{"line":47,"column":35},"end":{"line":49,"column":1}},"26":{"start":{"line":48,"column":4},"end":{"line":48,"column":112}}},"fnMap":{"0":{"name":"(anonymous_0)","decl":{"start":{"line":1,"column":37},"end":{"line":1,"column":38}},"loc":{"start":{"line":1,"column":46},"end":{"line":3,"column":1}},"line":1},"1":{"name":"(anonymous_1)","decl":{"start":{"line":5,"column":37},"end":{"line":5,"column":38}},"loc":{"start":{"line":5,"column":46},"end":{"line":7,"column":1}},"line":5},"2":{"name":"(anonymous_2)","decl":{"start":{"line":9,"column":34},"end":{"line":9,"column":35}},"loc":{"start":{"line":9,"column":40},"end":{"line":17,"column":1}},"line":9},"3":{"name":"(anonymous_3)","decl":{"start":{"line":19,"column":34},"end":{"line":19,"column":35}},"loc":{"start":{"line":19,"column":40},"end":{"line":26,"column":1}},"line":19},"4":{"name":"(anonymous_4)","decl":{"start":{"line":28,"column":38},"end":{"line":28,"column":39}},"loc":{"start":{"line":28,"column":46},"end":{"line":36,"column":1}},"line":28},"5":{"name":"(anonymous_5)","decl":{"start":{"line":38,"column":38},"end":{"line":38,"column":39}},"loc":{"start":{"line":38,"column":45},"end":{"line":45,"column":1}},"line":38},"6":{"name":"(anonymous_6)","decl":{"start":{"line":47,"column":35},"end":{"line":47,"column":36}},"loc":{"start":{"line":47,"column":44},"end":{"line":49,"column":1}},"line":47}},"branchMap":{},"s":{"0":14,"1":1,"2":14,"3":1,"4":14,"5":1,"6":1,"7":14,"8":1,"9":1,"10":14,"11":6,"12":6,"13":6,"14":6,"15":6,"16":6,"17":6,"18":14,"19":12,"20":12,"21":12,"22":12,"23":12,"24":12,"25":14,"26":1},"f":{"0":1,"1":1,"2":1,"3":1,"4":6,"5":12,"6":1},"b":{},"_coverageSchema":"1a1c01bbd47fc00a2c39e90264f33305004495a9","hash":"d53a86c2ba1a06d4df4af7dca36f08934aa40577"}
}
