TN:
SF:config\mailer.js
FN:7,(anonymous_0)
FN:17,(anonymous_1)
FNF:2
FNH:2
FNDA:2,(anonymous_0)
FNDA:2,(anonymous_1)
DA:4,8
DA:6,8
DA:8,2
DA:9,2
DA:10,2
DA:12,1
DA:17,8
DA:18,2
DA:19,2
DA:20,1
DA:22,1
LF:11
LH:11
BRF:0
BRH:0
end_of_record
TN:
SF:controllers\Auth.js
FN:9,(anonymous_0)
FN:98,updateLoginStreak
FN:126,(anonymous_2)
FN:145,(anonymous_3)
FN:175,(anonymous_4)
FN:219,(anonymous_5)
FN:232,(anonymous_6)
FN:259,(anonymous_7)
FN:303,(anonymous_8)
FN:330,(anonymous_9)
FNF:10
FNH:10
FNDA:7,(anonymous_0)
FNDA:23,updateLoginStreak
FNDA:1604,(anonymous_2)
FNDA:5,(anonymous_3)
FNDA:20,(anonymous_4)
FNDA:5,(anonymous_5)
FNDA:12,(anonymous_6)
FNDA:8,(anonymous_7)
FNDA:6,(anonymous_8)
FNDA:6,(anonymous_9)
DA:9,9
DA:10,7
DA:11,7
DA:18,7
DA:19,6
DA:20,3
DA:21,2
DA:22,2
DA:23,2
DA:24,2
DA:25,2
DA:26,2
DA:27,2
DA:28,2
DA:29,2
DA:31,2
DA:32,2
DA:38,2
DA:39,2
DA:41,1
DA:43,2
DA:48,1
DA:51,3
DA:52,3
DA:54,3
DA:56,3
DA:64,3
DA:65,3
DA:67,2
DA:69,2
DA:76,2
DA:77,2
DA:79,1
DA:82,2
DA:88,2
DA:89,2
DA:90,2
DA:99,23
DA:100,23
DA:101,23
DA:102,23
DA:104,23
DA:105,1
DA:107,22
DA:108,22
DA:109,22
DA:110,22
DA:111,7
DA:112,5
DA:114,2
DA:118,23
DA:119,23
DA:120,6
DA:123,23
DA:124,4
DA:126,23
DA:127,1604
DA:128,1604
DA:130,23
DA:131,19
DA:132,19
DA:133,2
DA:137,23
DA:138,19
DA:140,4
DA:141,4
DA:145,9
DA:146,5
DA:148,5
DA:149,5
DA:150,4
DA:151,1
DA:153,3
DA:154,3
DA:155,1
DA:157,2
DA:158,1
DA:160,1
DA:169,1
DA:171,1
DA:175,9
DA:176,20
DA:177,20
DA:178,20
DA:179,19
DA:180,1
DA:182,18
DA:183,1
DA:187,17
DA:188,17
DA:189,1
DA:191,16
DA:192,1
DA:199,15
DA:200,14
DA:207,14
DA:208,14
DA:210,0
DA:213,14
DA:215,2
DA:219,9
DA:220,5
DA:221,5
DA:226,3
DA:228,2
DA:232,9
DA:233,12
DA:234,12
DA:235,12
DA:237,10
DA:239,9
DA:240,9
DA:242,0
DA:245,9
DA:253,9
DA:255,2
DA:259,9
DA:260,8
DA:262,8
DA:263,4
DA:265,4
DA:266,4
DA:267,4
DA:268,1
DA:270,3
DA:271,3
DA:276,2
DA:278,2
DA:280,2
DA:287,2
DA:288,2
DA:290,1
DA:292,2
DA:299,1
DA:303,9
DA:304,6
DA:307,6
DA:308,6
DA:309,5
DA:310,1
DA:312,4
DA:313,2
DA:315,2
DA:316,1
DA:317,1
DA:318,1
DA:319,1
DA:322,1
DA:326,1
DA:330,9
DA:331,6
DA:332,6
DA:333,6
DA:334,5
DA:335,1
DA:338,4
DA:339,2
DA:341,2
DA:342,1
DA:343,1
DA:344,1
DA:345,1
DA:348,1
DA:349,1
DA:350,1
DA:351,1
DA:352,1
DA:356,1
LF:168
LH:166
BRDA:19,0,0,3
BRDA:19,0,1,3
BRDA:20,1,0,2
BRDA:20,1,1,1
BRDA:93,2,0,0
BRDA:93,2,1,2
BRDA:104,3,0,1
BRDA:104,3,1,22
BRDA:110,4,0,15
BRDA:110,4,1,7
BRDA:111,5,0,5
BRDA:111,5,1,2
BRDA:119,6,0,6
BRDA:119,6,1,17
BRDA:123,7,0,4
BRDA:123,7,1,19
BRDA:128,8,0,1604
BRDA:128,8,1,1604
BRDA:128,8,2,1604
BRDA:130,9,0,19
BRDA:130,9,1,4
BRDA:132,10,0,2
BRDA:132,10,1,17
BRDA:150,11,0,1
BRDA:150,11,1,3
BRDA:154,12,0,1
BRDA:154,12,1,2
BRDA:157,13,0,1
BRDA:157,13,1,1
BRDA:179,14,0,1
BRDA:179,14,1,18
BRDA:182,15,0,1
BRDA:182,15,1,17
BRDA:188,16,0,1
BRDA:188,16,1,16
BRDA:191,17,0,1
BRDA:191,17,1,15
BRDA:237,18,0,1
BRDA:237,18,1,9
BRDA:251,19,0,9
BRDA:251,19,1,0
BRDA:262,20,0,4
BRDA:262,20,1,4
BRDA:267,21,0,1
BRDA:267,21,1,3
BRDA:309,22,0,1
BRDA:309,22,1,4
BRDA:312,23,0,2
BRDA:312,23,1,2
BRDA:312,24,0,4
BRDA:312,24,1,3
BRDA:315,25,0,1
BRDA:315,25,1,1
BRDA:334,26,0,1
BRDA:334,26,1,4
BRDA:338,27,0,2
BRDA:338,27,1,2
BRDA:338,28,0,4
BRDA:338,28,1,3
BRDA:341,29,0,1
BRDA:341,29,1,1
BRF:61
BRH:59
end_of_record
TN:
SF:controllers\ChatController.js
FN:6,(anonymous_0)
FN:43,(anonymous_1)
FN:51,(anonymous_2)
FN:66,(anonymous_3)
FN:77,(anonymous_4)
FN:90,(anonymous_5)
FN:103,(anonymous_6)
FNF:7
FNH:7
FNDA:5,(anonymous_0)
FNDA:7,(anonymous_1)
FNDA:1,(anonymous_2)
FNDA:3,(anonymous_3)
FNDA:3,(anonymous_4)
FNDA:3,(anonymous_5)
FNDA:6,(anonymous_6)
DA:6,6
DA:7,5
DA:8,5
DA:9,5
DA:11,5
DA:13,5
DA:14,5
DA:18,5
DA:20,1
DA:21,1
DA:27,4
DA:34,4
DA:35,4
DA:36,2
DA:39,2
DA:43,6
DA:44,7
DA:45,7
DA:46,7
DA:48,7
DA:49,1
DA:51,6
DA:53,5
DA:55,4
DA:56,4
DA:57,4
DA:59,3
DA:61,3
DA:66,6
DA:67,3
DA:68,3
DA:69,3
DA:70,3
DA:71,2
DA:73,1
DA:77,6
DA:78,3
DA:79,3
DA:80,3
DA:81,2
DA:82,1
DA:84,1
DA:86,1
DA:90,6
DA:91,3
DA:92,3
DA:93,3
DA:94,2
DA:95,1
DA:97,1
DA:99,1
DA:103,6
DA:104,6
DA:105,6
DA:106,6
DA:107,5
DA:108,2
DA:110,3
DA:111,3
DA:112,2
DA:114,2
LF:61
LH:61
BRDA:48,0,0,1
BRDA:48,0,1,6
BRDA:81,1,0,1
BRDA:81,1,1,1
BRDA:94,2,0,1
BRDA:94,2,1,1
BRDA:107,3,0,2
BRDA:107,3,1,3
BRF:8
BRH:8
end_of_record
TN:
SF:controllers\CodeController.js
FN:32,(anonymous_0)
FN:36,(anonymous_1)
FN:37,(anonymous_2)
FN:73,(anonymous_3)
FNF:4
FNH:4
FNDA:13,(anonymous_0)
FNDA:16,(anonymous_1)
FNDA:11,(anonymous_2)
FNDA:5,(anonymous_3)
DA:7,2
DA:32,2
DA:33,13
DA:34,13
DA:35,13
DA:36,16
DA:37,11
DA:42,13
DA:50,13
DA:57,12
DA:63,1
DA:64,1
DA:73,2
DA:74,5
DA:75,5
DA:76,5
DA:77,5
DA:78,4
DA:79,4
DA:80,3
DA:86,2
LF:21
LH:21
BRDA:34,0,0,0
BRDA:34,1,0,1
BRDA:36,2,0,16
BRDA:36,2,1,14
BRDA:38,3,0,1
BRDA:38,3,1,10
BRDA:46,4,0,12
BRDA:46,4,1,1
BRDA:47,5,0,13
BRDA:47,5,1,13
BRF:10
BRH:9
end_of_record
TN:
SF:controllers\Roadmap.js
FN:12,(anonymous_0)
FN:93,(anonymous_1)
FN:139,(anonymous_2)
FN:155,(anonymous_3)
FN:169,(anonymous_4)
FN:188,(anonymous_5)
FN:206,(anonymous_6)
FN:213,(anonymous_7)
FN:225,(anonymous_8)
FN:243,(anonymous_9)
FN:265,(anonymous_10)
FN:296,(anonymous_11)
FN:323,(anonymous_12)
FN:343,(anonymous_13)
FN:360,(anonymous_14)
FN:429,(anonymous_15)
FN:450,(anonymous_16)
FN:473,(anonymous_17)
FNF:18
FNH:18
FNDA:9,(anonymous_0)
FNDA:9,(anonymous_1)
FNDA:4,(anonymous_2)
FNDA:5,(anonymous_3)
FNDA:7,(anonymous_4)
FNDA:5,(anonymous_5)
FNDA:2,(anonymous_6)
FNDA:1,(anonymous_7)
FNDA:6,(anonymous_8)
FNDA:8,(anonymous_9)
FNDA:4,(anonymous_10)
FNDA:7,(anonymous_11)
FNDA:7,(anonymous_12)
FNDA:7,(anonymous_13)
FNDA:18,(anonymous_14)
FNDA:5,(anonymous_15)
FNDA:60,(anonymous_16)
FNDA:5,(anonymous_17)
DA:12,14
DA:13,9
DA:14,9
DA:15,9
DA:18,9
DA:19,9
DA:20,8
DA:21,8
DA:23,8
DA:24,1
DA:25,1
DA:32,7
DA:33,7
DA:37,7
DA:38,7
DA:40,7
DA:41,7
DA:45,7
DA:46,7
DA:50,7
DA:52,1
DA:53,1
DA:59,6
DA:60,6
DA:61,5
DA:63,5
DA:64,5
DA:65,4
DA:67,4
DA:68,4
DA:69,1
DA:71,3
DA:76,3
DA:78,2
DA:79,2
DA:80,2
DA:82,2
DA:88,4
DA:89,4
DA:93,14
DA:94,9
DA:95,9
DA:96,9
DA:97,1
DA:98,1
DA:100,8
DA:101,8
DA:102,1
DA:105,7
DA:106,6
DA:108,5
DA:115,5
DA:116,5
DA:118,1
DA:121,4
DA:122,4
DA:129,4
DA:131,3
DA:134,3
DA:135,3
DA:139,14
DA:140,4
DA:141,4
DA:142,4
DA:143,4
DA:149,3
DA:151,1
DA:155,14
DA:156,5
DA:157,5
DA:158,5
DA:161,2
DA:165,3
DA:169,14
DA:170,7
DA:171,7
DA:172,7
DA:174,7
DA:176,6
DA:177,1
DA:180,5
DA:181,4
DA:182,1
DA:184,5
DA:188,14
DA:189,5
DA:190,5
DA:192,5
DA:194,3
DA:195,1
DA:198,2
DA:202,3
DA:206,14
DA:207,2
DA:208,2
DA:209,2
DA:211,2
DA:213,1
DA:214,1
DA:215,1
DA:216,1
DA:219,1
DA:221,1
DA:225,14
DA:226,6
DA:227,6
DA:228,6
DA:230,6
DA:236,5
DA:238,1
DA:239,1
DA:243,14
DA:244,8
DA:246,8
DA:248,8
DA:249,1
DA:255,7
DA:257,6
DA:258,1
DA:261,5
DA:262,4
DA:263,4
DA:265,4
DA:266,4
DA:267,1
DA:269,3
DA:270,1
DA:273,2
DA:274,2
DA:275,2
DA:276,2
DA:279,1
DA:281,1
DA:282,1
DA:284,1
DA:291,3
DA:292,3
DA:296,14
DA:297,7
DA:298,7
DA:300,7
DA:301,6
DA:302,5
DA:303,4
DA:304,1
DA:306,3
DA:307,3
DA:308,1
DA:310,2
DA:311,2
DA:312,2
DA:313,2
DA:314,2
DA:316,2
DA:318,3
DA:319,3
DA:323,14
DA:324,7
DA:325,7
DA:327,7
DA:328,6
DA:329,6
DA:330,3
DA:331,4
DA:332,2
DA:336,3
DA:337,3
DA:339,4
DA:343,14
DA:344,7
DA:345,7
DA:346,7
DA:348,6
DA:349,6
DA:350,3
DA:351,3
DA:354,2
DA:356,5
DA:360,14
DA:361,18
DA:362,18
DA:363,18
DA:364,18
DA:366,18
DA:367,2
DA:370,16
DA:371,16
DA:374,16
DA:376,15
DA:377,15
DA:384,15
DA:385,9
DA:386,9
DA:387,9
DA:388,9
DA:389,7
DA:392,9
DA:393,9
DA:394,5
DA:395,5
DA:396,5
DA:397,1
DA:404,5
DA:405,5
DA:406,4
DA:407,4
DA:408,1
DA:422,15
DA:429,15
DA:430,5
DA:431,4
DA:432,4
DA:433,3
DA:434,3
DA:435,3
DA:436,3
DA:437,3
DA:440,15
DA:441,5
DA:450,60
DA:455,15
DA:468,1
DA:469,1
DA:473,14
DA:474,5
DA:475,5
DA:476,5
DA:478,5
DA:480,4
DA:481,1
DA:484,3
DA:485,3
DA:487,2
DA:493,2
LF:234
LH:234
BRDA:23,0,0,1
BRDA:23,0,1,7
BRDA:68,1,0,1
BRDA:68,1,1,3
BRDA:95,2,0,2
BRDA:96,3,0,1
BRDA:96,3,1,8
BRDA:96,4,0,9
BRDA:96,4,1,8
BRDA:101,5,0,1
BRDA:101,5,1,7
BRDA:126,6,0,4
BRDA:126,6,1,1
BRDA:176,7,0,1
BRDA:176,7,1,5
BRDA:194,8,0,1
BRDA:194,8,1,2
BRDA:248,9,0,1
BRDA:248,9,1,7
BRDA:248,10,0,8
BRDA:248,10,1,7
BRDA:248,10,2,7
BRDA:257,11,0,1
BRDA:257,11,1,5
BRDA:266,12,0,1
BRDA:266,12,1,3
BRDA:269,13,0,1
BRDA:269,13,1,2
BRDA:303,14,0,1
BRDA:303,14,1,3
BRDA:307,15,0,1
BRDA:307,15,1,2
BRDA:331,16,0,2
BRDA:331,16,1,2
BRDA:351,17,0,3
BRDA:351,17,1,1
BRDA:362,18,0,18
BRDA:362,18,1,1
BRDA:363,19,0,18
BRDA:363,19,1,2
BRDA:364,20,0,18
BRDA:364,20,1,2
BRDA:366,21,0,2
BRDA:366,21,1,16
BRDA:385,22,0,9
BRDA:385,22,1,1
BRDA:387,23,0,9
BRDA:387,23,1,1
BRDA:388,24,0,7
BRDA:388,24,1,2
BRDA:392,25,0,7
BRDA:392,25,1,2
BRDA:394,26,0,5
BRDA:394,26,1,1
BRDA:396,27,0,1
BRDA:396,27,1,4
BRDA:404,28,0,3
BRDA:404,28,1,2
BRDA:406,29,0,4
BRDA:406,29,1,1
BRDA:407,30,0,1
BRDA:407,30,1,3
BRDA:430,31,0,1
BRDA:430,31,1,4
BRDA:432,32,0,1
BRDA:432,32,1,3
BRDA:435,33,0,1
BRDA:435,33,1,2
BRDA:436,34,0,1
BRDA:436,34,1,2
BRDA:445,35,0,5
BRDA:445,35,1,1
BRDA:480,36,0,1
BRDA:480,36,1,3
BRDA:490,37,0,1
BRDA:490,37,1,1
BRF:76
BRH:76
end_of_record
TN:
SF:controllers\S3Controller.js
FN:23,(anonymous_0)
FN:24,(anonymous_1)
FN:26,(anonymous_2)
FN:28,(anonymous_3)
FN:34,(anonymous_4)
FN:47,(anonymous_5)
FN:70,(anonymous_6)
FN:100,(anonymous_7)
FN:143,(anonymous_8)
FN:193,(anonymous_9)
FN:215,(anonymous_10)
FN:232,(anonymous_11)
FN:262,(anonymous_12)
FN:290,(anonymous_13)
FN:303,(anonymous_14)
FNF:15
FNH:15
FNDA:8,(anonymous_0)
FNDA:8,(anonymous_1)
FNDA:9,(anonymous_2)
FNDA:7,(anonymous_3)
FNDA:11,(anonymous_4)
FNDA:9,(anonymous_5)
FNDA:7,(anonymous_6)
FNDA:6,(anonymous_7)
FNDA:3,(anonymous_8)
FNDA:8,(anonymous_9)
FNDA:3,(anonymous_10)
FNDA:3,(anonymous_11)
FNDA:3,(anonymous_12)
FNDA:2,(anonymous_13)
FNDA:6,(anonymous_14)
DA:13,11
DA:21,11
DA:23,11
DA:24,8
DA:25,8
DA:26,9
DA:27,8
DA:28,8
DA:31,11
DA:34,11
DA:35,11
DA:36,11
DA:37,4
DA:38,2
DA:39,1
DA:40,1
DA:41,3
DA:44,11
DA:47,11
DA:48,9
DA:49,9
DA:50,9
DA:51,1
DA:54,8
DA:56,7
DA:67,2
DA:70,5
DA:71,7
DA:73,5
DA:74,5
DA:75,5
DA:78,5
DA:80,3
DA:91,5
DA:92,5
DA:95,1
DA:96,1
DA:100,11
DA:101,6
DA:102,6
DA:105,6
DA:106,1
DA:109,5
DA:110,5
DA:111,1
DA:119,4
DA:126,3
DA:136,3
DA:138,1
DA:139,1
DA:143,11
DA:144,3
DA:145,3
DA:146,3
DA:147,1
DA:150,2
DA:155,1
DA:157,1
DA:158,1
DA:193,11
DA:194,8
DA:195,8
DA:196,8
DA:197,7
DA:199,7
DA:204,6
DA:205,4
DA:209,4
DA:212,2
DA:215,3
DA:219,2
DA:224,2
DA:226,2
DA:227,2
DA:232,11
DA:233,3
DA:234,3
DA:235,3
DA:236,1
DA:239,2
DA:240,2
DA:243,2
DA:250,1
DA:255,1
DA:257,1
DA:258,1
DA:262,11
DA:263,3
DA:264,3
DA:265,3
DA:266,3
DA:268,3
DA:273,2
DA:274,1
DA:277,1
DA:278,2
DA:279,2
DA:280,2
DA:287,1
DA:290,2
DA:294,1
DA:296,1
DA:297,1
DA:303,11
DA:304,6
DA:305,6
DA:307,6
DA:308,1
DA:311,5
DA:313,5
DA:314,5
DA:316,3
DA:317,2
DA:322,1
DA:325,2
DA:332,2
DA:342,2
DA:345,1
DA:346,1
LF:119
LH:119
BRDA:36,0,0,4
BRDA:36,0,1,2
BRDA:36,0,2,1
BRDA:36,0,3,1
BRDA:36,0,4,3
BRDA:50,1,0,1
BRDA:50,1,1,8
BRDA:56,2,0,2
BRDA:56,2,1,5
BRDA:56,3,0,7
BRDA:56,3,1,6
BRDA:71,4,0,2
BRDA:71,4,1,5
BRDA:78,5,0,2
BRDA:78,5,1,3
BRDA:92,6,0,2
BRDA:92,6,1,3
BRDA:105,7,0,1
BRDA:105,7,1,5
BRDA:105,8,0,6
BRDA:105,8,1,5
BRDA:105,8,2,5
BRDA:129,9,0,3
BRDA:129,9,1,1
BRDA:146,10,0,1
BRDA:146,10,1,2
BRDA:146,11,0,3
BRDA:146,11,1,2
BRDA:204,12,0,4
BRDA:204,12,1,2
BRDA:204,13,0,6
BRDA:204,13,1,5
BRDA:221,14,0,0
BRDA:221,14,1,2
BRDA:235,15,0,1
BRDA:235,15,1,2
BRDA:235,16,0,3
BRDA:235,16,1,2
BRDA:235,16,2,2
BRDA:273,17,0,1
BRDA:273,17,1,1
BRDA:273,18,0,2
BRDA:273,18,1,2
BRDA:307,19,0,1
BRDA:307,19,1,5
BRDA:307,20,0,6
BRDA:307,20,1,5
BRDA:307,20,2,5
BRDA:316,21,0,2
BRDA:316,21,1,1
BRDA:335,22,0,2
BRDA:335,22,1,1
BRF:52
BRH:51
end_of_record
TN:
SF:controllers\UserController.js
FN:9,(anonymous_0)
FN:24,(anonymous_1)
FN:37,(anonymous_2)
FN:67,(anonymous_3)
FN:81,(anonymous_4)
FN:105,(anonymous_5)
FN:107,(anonymous_6)
FN:148,(anonymous_7)
FN:173,(anonymous_8)
FN:186,(anonymous_9)
FNF:10
FNH:10
FNDA:3,(anonymous_0)
FNDA:4,(anonymous_1)
FNDA:2,(anonymous_2)
FNDA:2,(anonymous_3)
FNDA:4,(anonymous_4)
FNDA:6,(anonymous_5)
FNDA:10,(anonymous_6)
FNDA:5,(anonymous_7)
FNDA:3,(anonymous_8)
FNDA:4,(anonymous_9)
DA:9,8
DA:10,3
DA:11,3
DA:13,3
DA:15,2
DA:17,1
DA:19,1
DA:20,1
DA:24,8
DA:25,4
DA:26,4
DA:28,4
DA:33,3
DA:35,2
DA:36,2
DA:37,2
DA:38,2
DA:39,2
DA:40,2
DA:41,2
DA:42,1
DA:43,1
DA:46,2
DA:48,2
DA:50,2
DA:51,2
DA:59,2
DA:61,1
DA:62,1
DA:67,8
DA:68,2
DA:69,2
DA:71,2
DA:73,1
DA:75,1
DA:76,1
DA:81,8
DA:82,4
DA:83,4
DA:84,4
DA:86,4
DA:87,3
DA:89,2
DA:90,2
DA:91,1
DA:93,1
DA:94,1
DA:96,1
DA:98,1
DA:100,1
DA:101,1
DA:105,8
DA:107,8
DA:108,10
DA:109,10
DA:110,10
DA:111,10
DA:112,10
DA:113,60
DA:114,17
DA:118,10
DA:119,1
DA:121,9
DA:122,1
DA:124,8
DA:125,4
DA:127,4
DA:128,4
DA:129,10
DA:130,1
DA:134,3
DA:135,2
DA:137,1
DA:138,1
DA:140,1
DA:141,1
DA:143,1
DA:144,1
DA:148,8
DA:149,5
DA:150,5
DA:151,5
DA:152,5
DA:153,2
DA:156,3
DA:157,2
DA:159,1
DA:161,1
DA:162,1
DA:163,1
DA:165,1
DA:166,1
DA:168,1
DA:169,1
DA:173,8
DA:174,3
DA:175,3
DA:176,3
DA:178,2
DA:179,1
DA:181,1
DA:182,1
DA:186,8
DA:187,4
DA:188,4
DA:189,4
DA:191,3
DA:192,2
DA:194,1
DA:201,1
DA:202,1
DA:203,1
DA:204,1
DA:205,1
DA:206,1
DA:207,1
DA:208,1
DA:209,1
DA:210,1
DA:211,1
DA:212,1
DA:214,1
DA:215,1
DA:226,1
DA:227,1
LF:125
LH:125
BRDA:15,0,0,1
BRDA:15,0,1,1
BRDA:33,1,0,1
BRDA:33,1,1,2
BRDA:41,2,0,1
BRDA:41,2,1,1
BRDA:46,3,0,1
BRDA:46,3,1,1
BRDA:48,4,0,1
BRDA:48,4,1,1
BRDA:54,5,0,2
BRDA:54,5,1,1
BRDA:55,6,0,2
BRDA:55,6,1,1
BRDA:56,7,0,1
BRDA:56,7,1,1
BRDA:87,8,0,1
BRDA:87,8,1,2
BRDA:90,9,0,1
BRDA:90,9,1,1
BRDA:105,10,0,0
BRDA:113,11,0,17
BRDA:113,11,1,43
BRDA:113,12,0,60
BRDA:113,12,1,17
BRDA:114,13,0,6
BRDA:114,13,1,11
BRDA:118,14,0,1
BRDA:118,14,1,9
BRDA:118,15,0,10
BRDA:118,15,1,6
BRDA:121,16,0,1
BRDA:121,16,1,8
BRDA:121,17,0,9
BRDA:121,17,1,5
BRDA:124,18,0,4
BRDA:124,18,1,4
BRDA:124,19,0,8
BRDA:124,19,1,4
BRDA:129,20,0,1
BRDA:129,20,1,9
BRDA:129,21,0,10
BRDA:129,21,1,1
BRDA:135,22,0,1
BRDA:135,22,1,1
BRDA:151,23,0,5
BRDA:151,23,1,1
BRDA:152,24,0,2
BRDA:152,24,1,3
BRDA:152,25,0,5
BRDA:152,25,1,3
BRDA:152,25,2,3
BRDA:157,26,0,1
BRDA:157,26,1,1
BRDA:176,27,0,1
BRDA:176,27,1,2
BRDA:189,28,0,1
BRDA:189,28,1,3
BRDA:189,29,0,4
BRDA:189,29,1,3
BRDA:192,30,0,1
BRDA:192,30,1,1
BRF:62
BRH:61
end_of_record
TN:
SF:controllers\oAuthController.js
FN:6,(anonymous_0)
FN:11,(anonymous_1)
FN:64,(anonymous_2)
FN:69,(anonymous_3)
FN:101,(anonymous_4)
FN:102,(anonymous_5)
FNF:6
FNH:6
FNDA:1,(anonymous_0)
FNDA:6,(anonymous_1)
FNDA:1,(anonymous_2)
FNDA:12,(anonymous_3)
FNDA:6,(anonymous_4)
FNDA:4,(anonymous_5)
DA:6,4
DA:7,1
DA:8,1
DA:11,4
DA:12,6
DA:14,6
DA:16,5
DA:17,5
DA:19,5
DA:23,4
DA:24,4
DA:26,3
DA:27,3
DA:33,3
DA:35,3
DA:36,3
DA:37,1
DA:38,1
DA:40,3
DA:42,3
DA:52,3
DA:59,2
DA:60,2
DA:64,4
DA:65,1
DA:66,1
DA:69,4
DA:70,12
DA:71,12
DA:73,11
DA:74,11
DA:77,11
DA:88,10
DA:89,10
DA:92,9
DA:96,9
DA:97,9
DA:98,5
DA:101,6
DA:102,4
DA:104,5
DA:107,9
DA:108,9
DA:110,9
DA:111,2
DA:114,7
DA:115,7
DA:116,4
DA:119,7
DA:120,3
DA:127,4
DA:128,1
DA:130,4
DA:131,1
DA:135,7
DA:136,7
DA:138,7
DA:145,7
DA:151,2
DA:152,2
LF:60
LH:60
BRDA:14,0,0,1
BRDA:14,0,1,5
BRDA:24,1,0,1
BRDA:24,1,1,3
BRDA:36,2,0,1
BRDA:36,2,1,2
BRDA:45,3,0,1
BRDA:45,3,1,2
BRDA:59,4,0,2
BRDA:59,4,1,2
BRDA:71,5,0,1
BRDA:71,5,1,11
BRDA:89,6,0,1
BRDA:89,6,1,9
BRDA:96,7,0,9
BRDA:96,7,1,5
BRDA:97,8,0,5
BRDA:97,8,1,4
BRDA:101,9,0,5
BRDA:101,9,1,3
BRDA:101,9,2,2
BRDA:101,10,0,6
BRDA:101,10,1,3
BRDA:104,11,0,5
BRDA:104,11,1,2
BRDA:107,12,0,9
BRDA:107,12,1,1
BRDA:110,13,0,2
BRDA:110,13,1,7
BRDA:115,14,0,4
BRDA:115,14,1,3
BRDA:119,15,0,3
BRDA:119,15,1,4
BRDA:127,16,0,1
BRDA:127,16,1,3
BRDA:130,17,0,1
BRDA:130,17,1,3
BRDA:141,18,0,1
BRDA:141,18,1,6
BRDA:151,19,0,2
BRDA:151,19,1,2
BRF:41
BRH:41
end_of_record
TN:
SF:middlewares\userAuth.js
FN:3,(anonymous_0)
FNF:1
FNH:1
FNDA:5,(anonymous_0)
DA:3,1
DA:4,5
DA:6,5
DA:7,2
DA:9,3
DA:10,3
DA:12,2
DA:13,1
DA:14,1
DA:16,1
DA:18,1
DA:20,1
DA:21,1
LF:13
LH:13
BRDA:6,0,0,2
BRDA:6,0,1,3
BRDA:12,1,0,1
BRDA:12,1,1,1
BRF:4
BRH:4
end_of_record
TN:
SF:middlewares\validate.js
FN:1,(anonymous_0)
FN:1,(anonymous_1)
FNF:2
FNH:2
FNDA:4,(anonymous_0)
FNDA:4,(anonymous_1)
DA:1,4
DA:2,4
DA:3,4
DA:4,3
DA:5,3
DA:6,3
DA:7,2
DA:8,1
DA:10,1
DA:11,1
DA:13,2
LF:11
LH:11
BRDA:6,0,0,2
BRDA:6,0,1,1
BRF:2
BRH:2
end_of_record
TN:
SF:models\ChatModel.js
FNF:0
FNH:0
DA:3,14
DA:25,14
LF:2
LH:2
BRF:0
BRH:0
end_of_record
TN:
SF:models\NoteModel.js
FNF:0
FNH:0
DA:2,22
DA:4,22
DA:33,22
LF:3
LH:3
BRF:0
BRH:0
end_of_record
TN:
SF:models\QuizModel.js
FNF:0
FNH:0
DA:3,14
DA:26,14
LF:2
LH:2
BRF:0
BRH:0
end_of_record
TN:
SF:models\RoadmapModel.js
FNF:0
FNH:0
DA:3,22
DA:11,22
LF:2
LH:2
BRF:0
BRH:0
end_of_record
TN:
SF:models\UserModel.js
FNF:0
FNH:0
DA:3,35
DA:92,35
DA:94,35
LF:3
LH:3
BRDA:94,0,0,35
BRDA:94,0,1,35
BRF:2
BRH:2
end_of_record
TN:
SF:utils\cloudinary.js
FN:11,uploadImage
FNF:1
FNH:1
FNDA:3,uploadImage
DA:4,9
DA:12,3
LF:2
LH:2
BRDA:11,0,0,2
BRF:1
BRH:1
end_of_record
TN:
SF:utils\emailTemplates.js
FN:1,(anonymous_0)
FN:83,(anonymous_1)
FNF:2
FNH:2
FNDA:5,(anonymous_0)
FNDA:5,(anonymous_1)
DA:1,10
DA:2,5
DA:83,10
DA:84,5
LF:4
LH:4
BRF:0
BRH:0
end_of_record
TN:
SF:utils\generate.js
FN:8,generateWithGemini
FNF:1
FNH:1
FNDA:3,generateWithGemini
DA:3,23
DA:7,23
DA:9,3
DA:10,3
DA:15,2
DA:17,1
DA:18,1
LF:7
LH:7
BRDA:8,0,0,2
BRF:1
BRH:1
end_of_record
TN:
SF:utils\mapping.js
FNF:0
FNH:0
DA:1,12
LF:1
LH:1
BRF:0
BRH:0
end_of_record
TN:
SF:utils\prompt.js
FN:1,(anonymous_0)
FN:51,(anonymous_1)
FN:57,(anonymous_2)
FN:60,(anonymous_3)
FN:80,(anonymous_4)
FN:94,(anonymous_5)
FN:106,(anonymous_6)
FN:134,(anonymous_7)
FN:162,(anonymous_8)
FN:186,(anonymous_9)
FN:206,(anonymous_10)
FNF:11
FNH:11
FNDA:1,(anonymous_0)
FNDA:7,(anonymous_1)
FNDA:2,(anonymous_2)
FNDA:1,(anonymous_3)
FNDA:2,(anonymous_4)
FNDA:2,(anonymous_5)
FNDA:1,(anonymous_6)
FNDA:1,(anonymous_7)
FNDA:1,(anonymous_8)
FNDA:1,(anonymous_9)
FNDA:1,(anonymous_10)
DA:1,23
DA:2,1
DA:51,23
DA:53,7
DA:55,7
DA:57,3
DA:58,3
DA:60,2
DA:61,2
DA:63,1
DA:80,4
DA:81,4
DA:83,2
DA:85,2
DA:94,2
DA:106,23
DA:108,1
DA:134,23
DA:135,1
DA:162,23
DA:163,1
DA:186,23
DA:187,1
DA:206,23
DA:207,1
LF:25
LH:25
BRDA:53,0,0,7
BRDA:53,0,1,1
BRDA:55,1,0,3
BRDA:55,1,1,4
BRDA:58,2,0,1
BRDA:58,2,1,2
BRDA:61,3,0,1
BRDA:61,3,1,1
BRDA:81,4,0,2
BRDA:81,4,1,2
BRDA:83,5,0,2
BRDA:83,5,1,1
BRF:12
BRH:12
end_of_record
TN:
SF:utils\schemaHelpers.js
FN:2,buildRoadmapSchema
FNF:1
FNH:1
FNDA:5,buildRoadmapSchema
DA:3,5
LF:1
LH:1
BRF:0
BRH:0
end_of_record
TN:
SF:utils\search.js
FN:39,(anonymous_0)
FN:44,(anonymous_1)
FN:103,(anonymous_2)
FN:117,(anonymous_3)
FN:121,(anonymous_4)
FN:127,(anonymous_5)
FN:129,(anonymous_6)
FN:142,(anonymous_7)
FN:148,(anonymous_8)
FN:150,(anonymous_9)
FNF:10
FNH:10
FNDA:8,(anonymous_0)
FNDA:7,(anonymous_1)
FNDA:4,(anonymous_2)
FNDA:4,(anonymous_3)
FNDA:1,(anonymous_4)
FNDA:2,(anonymous_5)
FNDA:2,(anonymous_6)
FNDA:3,(anonymous_7)
FNDA:4,(anonymous_8)
FNDA:4,(anonymous_9)
DA:3,15
DA:4,15
DA:5,15
DA:7,15
DA:8,15
DA:39,15
DA:40,8
DA:41,8
DA:43,8
DA:44,7
DA:47,8
DA:49,8
DA:50,8
DA:61,7
DA:63,7
DA:64,7
DA:66,7
DA:67,12
DA:69,12
DA:70,11
DA:72,7
DA:73,7
DA:74,6
DA:77,1
DA:81,7
DA:83,1
DA:84,1
DA:103,15
DA:104,4
DA:105,4
DA:116,4
DA:117,4
DA:121,15
DA:122,1
DA:123,1
DA:125,1
DA:126,1
DA:127,2
DA:128,2
DA:129,2
DA:138,1
DA:142,15
DA:143,3
DA:144,3
DA:146,3
DA:147,3
DA:148,4
DA:149,4
DA:150,4
DA:159,3
LF:50
LH:50
BRDA:41,0,0,8
BRDA:41,0,1,1
BRDA:43,1,0,7
BRDA:43,1,1,1
BRDA:47,2,0,7
BRDA:47,2,1,1
BRDA:61,3,0,7
BRDA:61,3,1,1
BRDA:70,4,0,4
BRDA:70,4,1,7
BRDA:72,5,0,7
BRDA:72,5,1,4
BRDA:73,6,0,6
BRDA:73,6,1,1
BRDA:116,7,0,4
BRDA:116,7,1,1
BRF:16
BRH:16
end_of_record
TN:
SF:utils\urlHelpers.js
FN:1,(anonymous_0)
FN:5,(anonymous_1)
FN:9,(anonymous_2)
FN:19,(anonymous_3)
FN:28,(anonymous_4)
FN:38,(anonymous_5)
FN:47,(anonymous_6)
FNF:7
FNH:7
FNDA:1,(anonymous_0)
FNDA:1,(anonymous_1)
FNDA:1,(anonymous_2)
FNDA:1,(anonymous_3)
FNDA:6,(anonymous_4)
FNDA:12,(anonymous_5)
FNDA:1,(anonymous_6)
DA:1,14
DA:2,1
DA:5,14
DA:6,1
DA:9,14
DA:10,1
DA:16,1
DA:19,14
DA:20,1
DA:25,1
DA:28,14
DA:29,6
DA:30,6
DA:31,6
DA:32,6
DA:33,6
DA:34,6
DA:35,6
DA:38,14
DA:39,12
DA:40,12
DA:41,12
DA:42,12
DA:43,12
DA:44,12
DA:47,14
DA:48,1
LF:27
LH:27
BRF:0
BRH:0
end_of_record
